{"timestamp":"2025-05-23T02:47:35.769932","level":"info","event":"DAG bundles loaded: dags-folder, example_dags","logger":"airflow.dag_processing.bundles.manager.DagBundlesManager"}
{"timestamp":"2025-05-23T02:47:35.771101","level":"info","event":"Filling up the DagBag from /home/duc/data-pipeplipe-test/dags/youtube_pipepline_dag.py","logger":"airflow.models.dagbag.DagBag"}
{"timestamp":"2025-05-23T02:47:40.183071Z","level":"info","event":"Task instance is in running state","chan":"stdout","logger":"task"}
{"timestamp":"2025-05-23T02:47:40.183245Z","level":"info","event":" Previous state of the Task instance: queued","chan":"stdout","logger":"task"}
{"timestamp":"2025-05-23T02:47:40.183363Z","level":"info","event":"Current task name:process_frames","chan":"stdout","logger":"task"}
{"timestamp":"2025-05-23T02:47:40.183458Z","level":"info","event":"Dag name:youtube_pipeline","chan":"stdout","logger":"task"}
{"timestamp":"2025-05-23T02:47:41.274542Z","level":"info","event":"","chan":"stdout","logger":"task"}
{"timestamp":"2025-05-23T02:47:45.015982Z","level":"info","event":"0: 640x512 2 persons, 1 sports ball, 1457.7ms","chan":"stdout","logger":"task"}
{"timestamp":"2025-05-23T02:47:45.016157Z","level":"info","event":"Speed: 20.3ms preprocess, 1457.7ms inference, 7.8ms postprocess per image at shape (1, 3, 640, 512)","chan":"stdout","logger":"task"}
{"timestamp":"2025-05-23T02:47:45.025399Z","level":"info","event":"","chan":"stdout","logger":"task"}
{"timestamp":"2025-05-23T02:47:45.612857Z","level":"info","event":"0: 640x512 1 person, 1 frisbee, 571.1ms","chan":"stdout","logger":"task"}
{"timestamp":"2025-05-23T02:47:45.613009Z","level":"info","event":"Speed: 14.0ms preprocess, 571.1ms inference, 1.2ms postprocess per image at shape (1, 3, 640, 512)","chan":"stdout","logger":"task"}
{"timestamp":"2025-05-23T02:47:45.624398Z","level":"info","event":"","chan":"stdout","logger":"task"}
{"timestamp":"2025-05-23T02:47:46.053825Z","level":"info","event":"0: 640x512 1 person, 414.8ms","chan":"stdout","logger":"task"}
{"timestamp":"2025-05-23T02:47:46.054033Z","level":"info","event":"Speed: 10.5ms preprocess, 414.8ms inference, 4.9ms postprocess per image at shape (1, 3, 640, 512)","chan":"stdout","logger":"task"}
{"timestamp":"2025-05-23T02:47:46.060843Z","level":"info","event":"","chan":"stdout","logger":"task"}
{"timestamp":"2025-05-23T02:47:46.491382Z","level":"info","event":"0: 640x512 4 persons, 1 sports ball, 407.7ms","chan":"stdout","logger":"task"}
{"timestamp":"2025-05-23T02:47:46.510549Z","level":"info","event":"Speed: 3.7ms preprocess, 407.7ms inference, 17.4ms postprocess per image at shape (1, 3, 640, 512)","chan":"stdout","logger":"task"}
{"timestamp":"2025-05-23T02:47:46.511158Z","level":"info","event":"","chan":"stdout","logger":"task"}
{"timestamp":"2025-05-23T02:47:47.137360Z","level":"info","event":"0: 640x512 2 persons, 1 sports ball, 620.0ms","chan":"stdout","logger":"task"}
{"timestamp":"2025-05-23T02:47:47.137512Z","level":"info","event":"Speed: 7.3ms preprocess, 620.0ms inference, 1.2ms postprocess per image at shape (1, 3, 640, 512)","chan":"stdout","logger":"task"}
{"timestamp":"2025-05-23T02:47:47.147901Z","level":"info","event":"","chan":"stdout","logger":"task"}
{"timestamp":"2025-05-23T02:47:47.664585Z","level":"info","event":"0: 640x512 3 persons, 499.7ms","chan":"stdout","logger":"task"}
{"timestamp":"2025-05-23T02:47:47.665215Z","level":"info","event":"Speed: 17.5ms preprocess, 499.7ms inference, 1.1ms postprocess per image at shape (1, 3, 640, 512)","chan":"stdout","logger":"task"}
{"timestamp":"2025-05-23T02:47:47.678546Z","level":"info","event":"","chan":"stdout","logger":"task"}
{"timestamp":"2025-05-23T02:47:48.330417Z","level":"info","event":"0: 640x512 4 persons, 2 sports balls, 628.8ms","chan":"stdout","logger":"task"}
{"timestamp":"2025-05-23T02:47:48.331004Z","level":"info","event":"Speed: 20.3ms preprocess, 628.8ms inference, 1.6ms postprocess per image at shape (1, 3, 640, 512)","chan":"stdout","logger":"task"}
{"timestamp":"2025-05-23T02:47:48.342396Z","level":"info","event":"","chan":"stdout","logger":"task"}
{"timestamp":"2025-05-23T02:47:48.812207Z","level":"info","event":"0: 640x512 2 persons, 1 motorcycle, 454.6ms","chan":"stdout","logger":"task"}
{"timestamp":"2025-05-23T02:47:48.812771Z","level":"info","event":"Speed: 15.2ms preprocess, 454.6ms inference, 1.1ms postprocess per image at shape (1, 3, 640, 512)","chan":"stdout","logger":"task"}
{"timestamp":"2025-05-23T02:47:48.825566Z","level":"info","event":"","chan":"stdout","logger":"task"}
{"timestamp":"2025-05-23T02:47:49.336180Z","level":"info","event":"0: 640x512 5 persons, 494.2ms","chan":"stdout","logger":"task"}
{"timestamp":"2025-05-23T02:47:49.336866Z","level":"info","event":"Speed: 14.2ms preprocess, 494.2ms inference, 1.1ms postprocess per image at shape (1, 3, 640, 512)","chan":"stdout","logger":"task"}
{"timestamp":"2025-05-23T02:47:49.344638Z","level":"info","event":"","chan":"stdout","logger":"task"}
{"timestamp":"2025-05-23T02:47:50.308239Z","level":"info","event":"0: 640x512 2 persons, 955.9ms","chan":"stdout","logger":"task"}
{"timestamp":"2025-05-23T02:47:50.308565Z","level":"info","event":"Speed: 3.3ms preprocess, 955.9ms inference, 3.7ms postprocess per image at shape (1, 3, 640, 512)","chan":"stdout","logger":"task"}
{"timestamp":"2025-05-23T02:47:50.314920Z","level":"info","event":"","chan":"stdout","logger":"task"}
{"timestamp":"2025-05-23T02:47:50.899080Z","level":"info","event":"0: 640x512 2 persons, 1 sports ball, 577.8ms","chan":"stdout","logger":"task"}
{"timestamp":"2025-05-23T02:47:50.899242Z","level":"info","event":"Speed: 3.4ms preprocess, 577.8ms inference, 1.1ms postprocess per image at shape (1, 3, 640, 512)","chan":"stdout","logger":"task"}
{"timestamp":"2025-05-23T02:47:50.916133Z","level":"info","event":"","chan":"stdout","logger":"task"}
{"timestamp":"2025-05-23T02:47:51.371394Z","level":"info","event":"0: 640x512 3 persons, 436.1ms","chan":"stdout","logger":"task"}
{"timestamp":"2025-05-23T02:47:51.371541Z","level":"info","event":"Speed: 15.2ms preprocess, 436.1ms inference, 1.2ms postprocess per image at shape (1, 3, 640, 512)","chan":"stdout","logger":"task"}
{"timestamp":"2025-05-23T02:47:51.379263Z","level":"info","event":"","chan":"stdout","logger":"task"}
{"timestamp":"2025-05-23T02:47:51.872261Z","level":"info","event":"0: 640x512 7 persons, 474.3ms","chan":"stdout","logger":"task"}
{"timestamp":"2025-05-23T02:47:51.914784Z","level":"info","event":"Speed: 16.7ms preprocess, 474.3ms inference, 1.4ms postprocess per image at shape (1, 3, 640, 512)","chan":"stdout","logger":"task"}
{"timestamp":"2025-05-23T02:47:51.915056Z","level":"info","event":"","chan":"stdout","logger":"task"}
{"timestamp":"2025-05-23T02:47:52.179854Z","level":"info","event":"0: 640x512 6 persons, 290.1ms","chan":"stdout","logger":"task"}
{"timestamp":"2025-05-23T02:47:52.180221Z","level":"info","event":"Speed: 3.3ms preprocess, 290.1ms inference, 1.1ms postprocess per image at shape (1, 3, 640, 512)","chan":"stdout","logger":"task"}
{"timestamp":"2025-05-23T02:47:52.636608Z","level":"error","event":"2025-05-23 09:47:52,636 - src.utils.error_handler - ERROR - Exception occurred: expected string or bytes-like object, got 'NoneType'","chan":"stderr","logger":"task"}
{"timestamp":"2025-05-23T02:47:52.636631","level":"error","event":"Exception occurred: expected string or bytes-like object, got 'NoneType'","logger":"src.utils.error_handler"}
{"timestamp":"2025-05-23T02:47:52.636904","level":"error","event":"Task failed with exception","logger":"task","error_detail":[{"exc_type":"TypeError","exc_value":"expected string or bytes-like object, got 'NoneType'","exc_notes":[],"syntax_error":null,"is_cause":false,"frames":[{"filename":"/home/duc/.python_envs/global_env/lib/python3.12/site-packages/airflow/sdk/execution_time/task_runner.py","lineno":825,"name":"run"},{"filename":"/home/duc/.python_envs/global_env/lib/python3.12/site-packages/airflow/sdk/execution_time/task_runner.py","lineno":1088,"name":"_execute_task"},{"filename":"/home/duc/.python_envs/global_env/lib/python3.12/site-packages/airflow/sdk/bases/operator.py","lineno":408,"name":"wrapper"},{"filename":"/home/duc/.python_envs/global_env/lib/python3.12/site-packages/airflow/providers/standard/operators/python.py","lineno":212,"name":"execute"},{"filename":"/home/duc/.python_envs/global_env/lib/python3.12/site-packages/airflow/providers/standard/operators/python.py","lineno":235,"name":"execute_callable"},{"filename":"/home/duc/.python_envs/global_env/lib/python3.12/site-packages/airflow/sdk/execution_time/callback_runner.py","lineno":81,"name":"run"},{"filename":"/home/duc/data-pipeplipe-test/src/processors/frame_processor.py","lineno":65,"name":"process_frames"},{"filename":"/home/duc/data-pipeplipe-test/src/utils/error_handler.py","lineno":8,"name":"handle_error"},{"filename":"/home/duc/data-pipeplipe-test/src/processors/frame_processor.py","lineno":53,"name":"process_frames"},{"filename":"/home/duc/data-pipeplipe-test/src/storage/s3_storage.py","lineno":12,"name":"upload_to_s3"},{"filename":"/home/duc/.python_envs/global_env/lib/python3.12/site-packages/boto3/s3/inject.py","lineno":145,"name":"upload_file"},{"filename":"/home/duc/.python_envs/global_env/lib/python3.12/site-packages/boto3/s3/transfer.py","lineno":368,"name":"upload_file"},{"filename":"/home/duc/.python_envs/global_env/lib/python3.12/site-packages/s3transfer/manager.py","lineno":337,"name":"upload"},{"filename":"/home/duc/.python_envs/global_env/lib/python3.12/site-packages/s3transfer/manager.py","lineno":506,"name":"_validate_if_bucket_supported"}]}]}
{"timestamp":"2025-05-23T02:47:52.639763Z","level":"info","event":"Task instance in failure state","chan":"stdout","logger":"task"}
{"timestamp":"2025-05-23T02:47:52.640047Z","level":"info","event":"Task start","chan":"stdout","logger":"task"}
{"timestamp":"2025-05-23T02:47:52.640325Z","level":"info","event":"Task:<Task(PythonOperator): process_frames>","chan":"stdout","logger":"task"}
{"timestamp":"2025-05-23T02:47:52.640615Z","level":"info","event":"Failure caused by expected string or bytes-like object, got 'NoneType'","chan":"stdout","logger":"task"}
