{"timestamp":"2025-05-23T01:20:50.400359","level":"info","event":"DAG bundles loaded: dags-folder, example_dags","logger":"airflow.dag_processing.bundles.manager.DagBundlesManager"}
{"timestamp":"2025-05-23T01:20:50.401047","level":"info","event":"Filling up the DagBag from /home/duc/data-pipeplipe-test/dags/youtube_pipepline_dag.py","logger":"airflow.models.dagbag.DagBag"}
{"timestamp":"2025-05-23T01:20:53.380115Z","level":"info","event":"Task instance is in running state","chan":"stdout","logger":"task"}
{"timestamp":"2025-05-23T01:20:53.380221Z","level":"info","event":" Previous state of the Task instance: queued","chan":"stdout","logger":"task"}
{"timestamp":"2025-05-23T01:20:53.380322Z","level":"info","event":"Current task name:process_frames","chan":"stdout","logger":"task"}
{"timestamp":"2025-05-23T01:20:53.380390Z","level":"info","event":"Dag name:youtube_pipeline","chan":"stdout","logger":"task"}
{"timestamp":"2025-05-23T01:20:54.636225Z","level":"info","event":"Downloading https://github.com/ultralytics/assets/releases/download/v8.3.0/yolov8s.pt to 'yolov8s.pt'...","chan":"stdout","logger":"task"}
{"timestamp":"2025-05-23T01:20:59.692586Z","level":"error","event":"\r  0%|          | 0.00/21.5M [00:00<?, ?B/s]\r  1%|          | 256k/21.5M [00:00<00:11, 1.93MB/s]\r  5%|▌         | 1.12M/21.5M [00:00<00:03, 5.43MB/s]\r 10%|█         | 2.25M/21.5M [00:00<00:02, 7.86MB/s]\r 15%|█▌        | 3.25M/21.5M [00:00<00:02, 8.77MB/s]\r 20%|██        | 4.38M/21.5M [00:00<00:01, 9.48MB/s]\r 27%|██▋       | 5.75M/21.5M [00:00<00:01, 10.8MB/s]\r 32%|███▏      | 6.88M/21.5M [00:00<00:01, 9.79MB/s]\r 37%|███▋      | 8.00M/21.5M [00:00<00:01, 10.2MB/s]\r 42%|████▏     | 9.00M/21.5M [00:01<00:01, 9.55MB/s]\r 48%|████▊     | 10.2M/21.5M [00:01<00:01, 10.4MB/s]\r 53%|█████▎    | 11.4M/21.5M [00:01<00:01, 9.55MB/s]\r 59%|█████▊    | 12.6M/21.5M [00:01<00:00, 10.4MB/s]\r 64%|██████▍   | 13.8M/21.5M [00:01<00:00, 10.1MB/s]\r 70%|██████▉   | 15.0M/21.5M [00:01<00:00, 10.5MB/s]\r 75%|███████▍  | 16.1M/21.5M [00:01<00:00, 10.4MB/s]\r 80%|████████  | 17.2M/21.5M [00:01<00:00, 10.5MB/s]\r 85%|████████▌ | 18.4M/21.5M [00:02<00:00, 7.15MB/s]\r 96%|█████████▌| 20.6M/21.5M [00:02<00:00, 10.5MB/s]\r100%|██████████| 21.5M/21.5M [00:02<00:00, 9.48MB/s]","chan":"stderr","logger":"task"}
{"timestamp":"2025-05-23T01:21:00.221190Z","level":"info","event":"","chan":"stdout","logger":"task"}
{"timestamp":"2025-05-23T01:21:04.721138Z","level":"info","event":"0: 640x512 8 persons, 235.6ms","chan":"stdout","logger":"task"}
{"timestamp":"2025-05-23T01:21:04.721287Z","level":"info","event":"Speed: 5.0ms preprocess, 235.6ms inference, 4.9ms postprocess per image at shape (1, 3, 640, 512)","chan":"stdout","logger":"task"}
{"timestamp":"2025-05-23T01:21:05.109990Z","level":"info","event":"","chan":"stdout","logger":"task"}
{"timestamp":"2025-05-23T01:21:05.110109Z","level":"info","event":"0: 640x512 1 person, 1 frisbee, 172.0ms","chan":"stdout","logger":"task"}
{"timestamp":"2025-05-23T01:21:05.110167Z","level":"info","event":"Speed: 2.3ms preprocess, 172.0ms inference, 0.9ms postprocess per image at shape (1, 3, 640, 512)","chan":"stdout","logger":"task"}
{"timestamp":"2025-05-23T01:21:05.110217Z","level":"info","event":"","chan":"stdout","logger":"task"}
{"timestamp":"2025-05-23T01:21:05.165002Z","level":"info","event":"0: 640x512 4 persons, 1 sports ball, 242.5ms","chan":"stdout","logger":"task"}
{"timestamp":"2025-05-23T01:21:05.166062Z","level":"info","event":"Speed: 3.8ms preprocess, 242.5ms inference, 1.0ms postprocess per image at shape (1, 3, 640, 512)","chan":"stdout","logger":"task"}
{"timestamp":"2025-05-23T01:21:05.172386Z","level":"info","event":"","chan":"stdout","logger":"task"}
{"timestamp":"2025-05-23T01:21:05.335236Z","level":"info","event":"0: 640x512 2 persons, 1 motorcycle, 158.6ms","chan":"stdout","logger":"task"}
{"timestamp":"2025-05-23T01:21:05.335657Z","level":"info","event":"Speed: 2.8ms preprocess, 158.6ms inference, 0.9ms postprocess per image at shape (1, 3, 640, 512)","chan":"stdout","logger":"task"}
{"timestamp":"2025-05-23T01:21:05.343499Z","level":"info","event":"","chan":"stdout","logger":"task"}
{"timestamp":"2025-05-23T01:21:05.522827Z","level":"info","event":"0: 640x512 2 persons, 1 sports ball, 174.1ms","chan":"stdout","logger":"task"}
{"timestamp":"2025-05-23T01:21:05.522993Z","level":"info","event":"Speed: 2.9ms preprocess, 174.1ms inference, 1.1ms postprocess per image at shape (1, 3, 640, 512)","chan":"stdout","logger":"task"}
{"timestamp":"2025-05-23T01:21:05.529346Z","level":"info","event":"","chan":"stdout","logger":"task"}
{"timestamp":"2025-05-23T01:21:05.712164Z","level":"info","event":"0: 640x512 5 persons, 174.8ms","chan":"stdout","logger":"task"}
{"timestamp":"2025-05-23T01:21:05.712541Z","level":"info","event":"Speed: 4.6ms preprocess, 174.8ms inference, 0.9ms postprocess per image at shape (1, 3, 640, 512)","chan":"stdout","logger":"task"}
{"timestamp":"2025-05-23T01:21:05.717238Z","level":"info","event":"","chan":"stdout","logger":"task"}
{"timestamp":"2025-05-23T01:21:05.910450Z","level":"info","event":"0: 640x512 1 person, 188.4ms","chan":"stdout","logger":"task"}
{"timestamp":"2025-05-23T01:21:05.912410Z","level":"info","event":"Speed: 2.9ms preprocess, 188.4ms inference, 1.2ms postprocess per image at shape (1, 3, 640, 512)","chan":"stdout","logger":"task"}
{"timestamp":"2025-05-23T01:21:05.919094Z","level":"info","event":"","chan":"stdout","logger":"task"}
{"timestamp":"2025-05-23T01:21:06.071060Z","level":"info","event":"0: 640x512 5 persons, 148.4ms","chan":"stdout","logger":"task"}
{"timestamp":"2025-05-23T01:21:06.071562Z","level":"info","event":"Speed: 2.4ms preprocess, 148.4ms inference, 0.8ms postprocess per image at shape (1, 3, 640, 512)","chan":"stdout","logger":"task"}
{"timestamp":"2025-05-23T01:21:06.078086Z","level":"info","event":"","chan":"stdout","logger":"task"}
{"timestamp":"2025-05-23T01:21:06.223882Z","level":"info","event":"0: 640x512 3 persons, 142.4ms","chan":"stdout","logger":"task"}
{"timestamp":"2025-05-23T01:21:06.224361Z","level":"info","event":"Speed: 2.3ms preprocess, 142.4ms inference, 0.7ms postprocess per image at shape (1, 3, 640, 512)","chan":"stdout","logger":"task"}
{"timestamp":"2025-05-23T01:21:06.230306Z","level":"info","event":"","chan":"stdout","logger":"task"}
{"timestamp":"2025-05-23T01:21:06.380757Z","level":"info","event":"0: 640x512 2 persons, 1 skateboard, 146.2ms","chan":"stdout","logger":"task"}
{"timestamp":"2025-05-23T01:21:06.381004Z","level":"info","event":"Speed: 2.3ms preprocess, 146.2ms inference, 1.3ms postprocess per image at shape (1, 3, 640, 512)","chan":"stdout","logger":"task"}
{"timestamp":"2025-05-23T01:21:06.386892Z","level":"info","event":"","chan":"stdout","logger":"task"}
{"timestamp":"2025-05-23T01:21:06.551019Z","level":"info","event":"0: 640x512 3 persons, 158.5ms","chan":"stdout","logger":"task"}
{"timestamp":"2025-05-23T01:21:06.551160Z","level":"info","event":"Speed: 2.8ms preprocess, 158.5ms inference, 0.9ms postprocess per image at shape (1, 3, 640, 512)","chan":"stdout","logger":"task"}
{"timestamp":"2025-05-23T01:21:06.557931Z","level":"info","event":"","chan":"stdout","logger":"task"}
{"timestamp":"2025-05-23T01:21:06.724498Z","level":"info","event":"0: 640x512 2 persons, 1 sports ball, 160.4ms","chan":"stdout","logger":"task"}
{"timestamp":"2025-05-23T01:21:06.725012Z","level":"info","event":"Speed: 4.7ms preprocess, 160.4ms inference, 0.9ms postprocess per image at shape (1, 3, 640, 512)","chan":"stdout","logger":"task"}
{"timestamp":"2025-05-23T01:21:06.732497Z","level":"info","event":"","chan":"stdout","logger":"task"}
{"timestamp":"2025-05-23T01:21:06.951622Z","level":"info","event":"0: 640x512 3 persons, 1 sports ball, 1 cell phone, 197.4ms","chan":"stdout","logger":"task"}
{"timestamp":"2025-05-23T01:21:06.952427Z","level":"info","event":"Speed: 2.7ms preprocess, 197.4ms inference, 15.6ms postprocess per image at shape (1, 3, 640, 512)","chan":"stdout","logger":"task"}
{"timestamp":"2025-05-23T01:21:06.965408Z","level":"info","event":"","chan":"stdout","logger":"task"}
{"timestamp":"2025-05-23T01:21:07.398628Z","level":"info","event":"0: 640x512 4 persons, 2 sports balls, 413.5ms","chan":"stdout","logger":"task"}
{"timestamp":"2025-05-23T01:21:07.400177Z","level":"info","event":"Speed: 14.0ms preprocess, 413.5ms inference, 5.1ms postprocess per image at shape (1, 3, 640, 512)","chan":"stdout","logger":"task"}
{"timestamp":"2025-05-23T01:21:09.839484Z","level":"error","event":"2025-05-23 08:21:09,839 - src.utils.error_handler - ERROR - Exception occurred: expected string or bytes-like object, got 'NoneType'","chan":"stderr","logger":"task"}
{"timestamp":"2025-05-23T01:21:09.839545","level":"error","event":"Exception occurred: expected string or bytes-like object, got 'NoneType'","logger":"src.utils.error_handler"}
{"timestamp":"2025-05-23T01:21:09.839817","level":"error","event":"Task failed with exception","logger":"task","error_detail":[{"exc_type":"TypeError","exc_value":"expected string or bytes-like object, got 'NoneType'","exc_notes":[],"syntax_error":null,"is_cause":false,"frames":[{"filename":"/home/duc/.python_envs/global_env/lib/python3.12/site-packages/airflow/sdk/execution_time/task_runner.py","lineno":825,"name":"run"},{"filename":"/home/duc/.python_envs/global_env/lib/python3.12/site-packages/airflow/sdk/execution_time/task_runner.py","lineno":1088,"name":"_execute_task"},{"filename":"/home/duc/.python_envs/global_env/lib/python3.12/site-packages/airflow/sdk/bases/operator.py","lineno":408,"name":"wrapper"},{"filename":"/home/duc/.python_envs/global_env/lib/python3.12/site-packages/airflow/providers/standard/operators/python.py","lineno":212,"name":"execute"},{"filename":"/home/duc/.python_envs/global_env/lib/python3.12/site-packages/airflow/providers/standard/operators/python.py","lineno":235,"name":"execute_callable"},{"filename":"/home/duc/.python_envs/global_env/lib/python3.12/site-packages/airflow/sdk/execution_time/callback_runner.py","lineno":81,"name":"run"},{"filename":"/home/duc/data-pipeplipe-test/src/processors/frame_processor.py","lineno":65,"name":"process_frames"},{"filename":"/home/duc/data-pipeplipe-test/src/utils/error_handler.py","lineno":8,"name":"handle_error"},{"filename":"/home/duc/data-pipeplipe-test/src/processors/frame_processor.py","lineno":53,"name":"process_frames"},{"filename":"/home/duc/data-pipeplipe-test/src/storage/s3_storage.py","lineno":12,"name":"upload_to_s3"},{"filename":"/home/duc/.python_envs/global_env/lib/python3.12/site-packages/boto3/s3/inject.py","lineno":145,"name":"upload_file"},{"filename":"/home/duc/.python_envs/global_env/lib/python3.12/site-packages/boto3/s3/transfer.py","lineno":368,"name":"upload_file"},{"filename":"/home/duc/.python_envs/global_env/lib/python3.12/site-packages/s3transfer/manager.py","lineno":337,"name":"upload"},{"filename":"/home/duc/.python_envs/global_env/lib/python3.12/site-packages/s3transfer/manager.py","lineno":506,"name":"_validate_if_bucket_supported"}]}]}
{"timestamp":"2025-05-23T01:21:09.866479Z","level":"info","event":"Task instance in failure state","chan":"stdout","logger":"task"}
{"timestamp":"2025-05-23T01:21:09.866811Z","level":"info","event":"Task start","chan":"stdout","logger":"task"}
{"timestamp":"2025-05-23T01:21:09.867101Z","level":"info","event":"Task:<Task(PythonOperator): process_frames>","chan":"stdout","logger":"task"}
{"timestamp":"2025-05-23T01:21:09.867407Z","level":"info","event":"Failure caused by expected string or bytes-like object, got 'NoneType'","chan":"stdout","logger":"task"}
