{"timestamp":"2025-05-23T01:08:07.194607","level":"info","event":"DAG bundles loaded: dags-folder, example_dags","logger":"airflow.dag_processing.bundles.manager.DagBundlesManager"}
{"timestamp":"2025-05-23T01:08:07.195034","level":"info","event":"Filling up the DagBag from /home/duc/data-pipeplipe-test/dags/youtube_pipepline_dag.py","logger":"airflow.models.dagbag.DagBag"}
{"timestamp":"2025-05-23T01:08:09.410865Z","level":"info","event":"Task instance is in running state","chan":"stdout","logger":"task"}
{"timestamp":"2025-05-23T01:08:09.410963Z","level":"info","event":" Previous state of the Task instance: queued","chan":"stdout","logger":"task"}
{"timestamp":"2025-05-23T01:08:09.411009Z","level":"info","event":"Current task name:crawl_youtube","chan":"stdout","logger":"task"}
{"timestamp":"2025-05-23T01:08:09.411047Z","level":"info","event":"Dag name:youtube_pipeline","chan":"stdout","logger":"task"}
{"timestamp":"2025-05-23T01:08:09.411089Z","level":"error","event":"2025-05-23 08:08:09,384 - src.crawlers.keyword_generator - ERROR - Error generating keywords: [Errno 2] No such file or directory: '/home/duc/video_pipeline_project/config.yaml'","chan":"stderr","logger":"task"}
{"timestamp":"2025-05-23T01:08:09.384760","level":"error","event":"Error generating keywords: [Errno 2] No such file or directory: '/home/duc/video_pipeline_project/config.yaml'","logger":"src.crawlers.keyword_generator"}
{"timestamp":"2025-05-23T01:08:12.357269Z","level":"error","event":"WARNING: [youtube] Falling back to generic n function search","chan":"stderr","logger":"task"}
{"timestamp":"2025-05-23T01:08:12.357533Z","level":"error","event":"         player = https://www.youtube.com/s/player/59b252b9/player_ias.vflset/en_US/base.js","chan":"stderr","logger":"task"}
{"timestamp":"2025-05-23T01:08:12.380199Z","level":"error","event":"WARNING: [youtube] Noqaz0Ic6ps: nsig extraction failed: Some formats may be missing","chan":"stderr","logger":"task"}
{"timestamp":"2025-05-23T01:08:12.380417Z","level":"error","event":"         n = HRQa_e9Vosi82-ZEF6mn ; player = https://www.youtube.com/s/player/59b252b9/player_ias.vflset/en_US/base.js","chan":"stderr","logger":"task"}
{"timestamp":"2025-05-23T01:08:12.765024Z","level":"error","event":"WARNING: [youtube] Falling back to generic n function search","chan":"stderr","logger":"task"}
{"timestamp":"2025-05-23T01:08:12.765203Z","level":"error","event":"         player = https://www.youtube.com/s/player/59b252b9/player_ias.vflset/en_US/base.js","chan":"stderr","logger":"task"}
{"timestamp":"2025-05-23T01:08:12.794531Z","level":"error","event":"WARNING: [youtube] Noqaz0Ic6ps: nsig extraction failed: Some formats may be missing","chan":"stderr","logger":"task"}
{"timestamp":"2025-05-23T01:08:12.794689Z","level":"error","event":"         n = brmaB7ZXwT3--8f4PL6_ ; player = https://www.youtube.com/s/player/59b252b9/player_ias.vflset/en_US/base.js","chan":"stderr","logger":"task"}
{"timestamp":"2025-05-23T01:08:13.266048Z","level":"error","event":"WARNING: [youtube] Falling back to generic n function search","chan":"stderr","logger":"task"}
{"timestamp":"2025-05-23T01:08:13.266318Z","level":"error","event":"         player = https://www.youtube.com/s/player/59b252b9/player_ias.vflset/en_US/base.js","chan":"stderr","logger":"task"}
{"timestamp":"2025-05-23T01:08:13.297082Z","level":"error","event":"WARNING: [youtube] Noqaz0Ic6ps: nsig extraction failed: Some formats may be missing","chan":"stderr","logger":"task"}
{"timestamp":"2025-05-23T01:08:13.297320Z","level":"error","event":"         n = IFlXFQkkvXRIdwAu6O0O ; player = https://www.youtube.com/s/player/59b252b9/player_ias.vflset/en_US/base.js","chan":"stderr","logger":"task"}
{"timestamp":"2025-05-23T01:08:14.514030Z","level":"error","event":"ERROR: Unable to rename file: [Errno 2] No such file or directory: '/tmp/youtube_video.mp4.part-Frag2.part' -> '/tmp/youtube_video.mp4.part-Frag2'","chan":"stderr","logger":"task"}
{"timestamp":"2025-05-23T01:08:14.778217Z","level":"error","event":"ERROR: Unable to rename file: [Errno 2] No such file or directory: '/tmp/youtube_video.mp4.part-Frag3.part' -> '/tmp/youtube_video.mp4.part-Frag3'","chan":"stderr","logger":"task"}
{"timestamp":"2025-05-23T01:08:15.242789Z","level":"error","event":"ERROR: Unable to rename file: [Errno 2] No such file or directory: '/tmp/youtube_video.mp4.part-Frag4.part' -> '/tmp/youtube_video.mp4.part-Frag4'","chan":"stderr","logger":"task"}
{"timestamp":"2025-05-23T01:08:15.242957Z","level":"error","event":"ERROR: The downloaded file is empty","chan":"stderr","logger":"task"}
{"timestamp":"2025-05-23T01:08:15.243756Z","level":"error","event":"2025-05-23 08:08:15,243 - src.utils.error_handler - ERROR - Exception occurred: ERROR: The downloaded file is empty","chan":"stderr","logger":"task"}
{"timestamp":"2025-05-23T01:08:15.243865","level":"error","event":"Exception occurred: ERROR: The downloaded file is empty","logger":"src.utils.error_handler"}
{"timestamp":"2025-05-23T01:08:15.244067Z","level":"error","event":"Exception in thread Thread-1 (worker):","chan":"stderr","logger":"task"}
{"timestamp":"2025-05-23T01:08:15.244120Z","level":"error","event":"Traceback (most recent call last):","chan":"stderr","logger":"task"}
{"timestamp":"2025-05-23T01:08:15.244159Z","level":"error","event":"  File \"/usr/lib/python3.12/threading.py\", line 1073, in _bootstrap_inner","chan":"stderr","logger":"task"}
{"timestamp":"2025-05-23T01:08:15.244520Z","level":"error","event":"    self.run()","chan":"stderr","logger":"task"}
{"timestamp":"2025-05-23T01:08:15.244584Z","level":"error","event":"  File \"/usr/lib/python3.12/threading.py\", line 1010, in run","chan":"stderr","logger":"task"}
{"timestamp":"2025-05-23T01:08:15.244798Z","level":"error","event":"    self._target(*self._args, **self._kwargs)","chan":"stderr","logger":"task"}
{"timestamp":"2025-05-23T01:08:15.244854Z","level":"error","event":"  File \"/home/duc/data-pipeplipe-test/src/crawlers/multi_thread_crawler.py\", line 19, in worker","chan":"stderr","logger":"task"}
{"timestamp":"2025-05-23T01:08:15.245137Z","level":"error","event":"    frames = crawl_youtube(keywords, max_frames)","chan":"stderr","logger":"task"}
{"timestamp":"2025-05-23T01:08:15.245192Z","level":"error","event":"             ^^^^^^^^^^^^^^^^^^^^^^^^^^^^^^^^^^^","chan":"stderr","logger":"task"}
{"timestamp":"2025-05-23T01:08:15.245249Z","level":"error","event":"  File \"/home/duc/data-pipeplipe-test/src/crawlers/youtube_crawler.py\", line 45, in crawl_youtube","chan":"stderr","logger":"task"}
{"timestamp":"2025-05-23T01:08:15.245422Z","level":"error","event":"    handle_error(e)","chan":"stderr","logger":"task"}
{"timestamp":"2025-05-23T01:08:15.245488Z","level":"error","event":"  File \"/home/duc/data-pipeplipe-test/src/utils/error_handler.py\", line 8, in handle_error","chan":"stderr","logger":"task"}
{"timestamp":"2025-05-23T01:08:15.245573Z","level":"error","event":"    raise exception","chan":"stderr","logger":"task"}
{"timestamp":"2025-05-23T01:08:15.245642Z","level":"error","event":"  File \"/home/duc/data-pipeplipe-test/src/crawlers/youtube_crawler.py\", line 25, in crawl_youtube","chan":"stderr","logger":"task"}
{"timestamp":"2025-05-23T01:08:15.245684Z","level":"error","event":"    result = ydl.extract_info(search_url, download=True)","chan":"stderr","logger":"task"}
{"timestamp":"2025-05-23T01:08:15.245742Z","level":"error","event":"             ^^^^^^^^^^^^^^^^^^^^^^^^^^^^^^^^^^^^^^^^^^^","chan":"stderr","logger":"task"}
{"timestamp":"2025-05-23T01:08:15.245783Z","level":"error","event":"  File \"/home/duc/.python_envs/global_env/lib/python3.12/site-packages/yt_dlp/YoutubeDL.py\", line 1626, in extract_info","chan":"stderr","logger":"task"}
{"timestamp":"2025-05-23T01:08:15.246464Z","level":"error","event":"    return self.__extract_info(url, self.get_info_extractor(key), download, extra_info, process)","chan":"stderr","logger":"task"}
{"timestamp":"2025-05-23T01:08:15.246561Z","level":"error","event":"           ^^^^^^^^^^^^^^^^^^^^^^^^^^^^^^^^^^^^^^^^^^^^^^^^^^^^^^^^^^^^^^^^^^^^^^^^^^^^^^^^^^^^^","chan":"stderr","logger":"task"}
{"timestamp":"2025-05-23T01:08:15.246611Z","level":"error","event":"  File \"/home/duc/.python_envs/global_env/lib/python3.12/site-packages/yt_dlp/YoutubeDL.py\", line 1637, in wrapper","chan":"stderr","logger":"task"}
{"timestamp":"2025-05-23T01:08:15.246958Z","level":"error","event":"    return func(self, *args, **kwargs)","chan":"stderr","logger":"task"}
{"timestamp":"2025-05-23T01:08:15.247022Z","level":"error","event":"           ^^^^^^^^^^^^^^^^^^^^^^^^^^^","chan":"stderr","logger":"task"}
{"timestamp":"2025-05-23T01:08:15.247090Z","level":"error","event":"  File \"/home/duc/.python_envs/global_env/lib/python3.12/site-packages/yt_dlp/YoutubeDL.py\", line 1793, in __extract_info","chan":"stderr","logger":"task"}
{"timestamp":"2025-05-23T01:08:15.247494Z","level":"error","event":"    return self.process_ie_result(ie_result, download, extra_info)","chan":"stderr","logger":"task"}
{"timestamp":"2025-05-23T01:08:15.247590Z","level":"error","event":"           ^^^^^^^^^^^^^^^^^^^^^^^^^^^^^^^^^^^^^^^^^^^^^^^^^^^^^^^","chan":"stderr","logger":"task"}
{"timestamp":"2025-05-23T01:08:15.247641Z","level":"error","event":"  File \"/home/duc/.python_envs/global_env/lib/python3.12/site-packages/yt_dlp/YoutubeDL.py\", line 1922, in process_ie_result","chan":"stderr","logger":"task"}
{"timestamp":"2025-05-23T01:08:15.248025Z","level":"error","event":"    return self.__process_playlist(ie_result, download)","chan":"stderr","logger":"task"}
{"timestamp":"2025-05-23T01:08:15.248117Z","level":"error","event":"           ^^^^^^^^^^^^^^^^^^^^^^^^^^^^^^^^^^^^^^^^^^^^","chan":"stderr","logger":"task"}
{"timestamp":"2025-05-23T01:08:15.248173Z","level":"error","event":"  File \"/home/duc/.python_envs/global_env/lib/python3.12/site-packages/yt_dlp/YoutubeDL.py\", line 2070, in __process_playlist","chan":"stderr","logger":"task"}
{"timestamp":"2025-05-23T01:08:15.248622Z","level":"error","event":"    entry_result = self.__process_iterable_entry(entry, download, collections.ChainMap({","chan":"stderr","logger":"task"}
{"timestamp":"2025-05-23T01:08:15.248692Z","level":"error","event":"                   ^^^^^^^^^^^^^^^^^^^^^^^^^^^^^^^^^^^^^^^^^^^^^^^^^^^^^^^^^^^^^^^^^^^^^","chan":"stderr","logger":"task"}
{"timestamp":"2025-05-23T01:08:15.248739Z","level":"error","event":"  File \"/home/duc/.python_envs/global_env/lib/python3.12/site-packages/yt_dlp/YoutubeDL.py\", line 1637, in wrapper","chan":"stderr","logger":"task"}
{"timestamp":"2025-05-23T01:08:15.249058Z","level":"error","event":"    return func(self, *args, **kwargs)","chan":"stderr","logger":"task"}
{"timestamp":"2025-05-23T01:08:15.249125Z","level":"error","event":"           ^^^^^^^^^^^^^^^^^^^^^^^^^^^","chan":"stderr","logger":"task"}
{"timestamp":"2025-05-23T01:08:15.249197Z","level":"error","event":"  File \"/home/duc/.python_envs/global_env/lib/python3.12/site-packages/yt_dlp/YoutubeDL.py\", line 2102, in __process_iterable_entry","chan":"stderr","logger":"task"}
{"timestamp":"2025-05-23T01:08:15.249597Z","level":"error","event":"    return self.process_ie_result(","chan":"stderr","logger":"task"}
{"timestamp":"2025-05-23T01:08:15.249693Z","level":"error","event":"           ^^^^^^^^^^^^^^^^^^^^^^^","chan":"stderr","logger":"task"}
{"timestamp":"2025-05-23T01:08:15.249755Z","level":"error","event":"  File \"/home/duc/.python_envs/global_env/lib/python3.12/site-packages/yt_dlp/YoutubeDL.py\", line 1872, in process_ie_result","chan":"stderr","logger":"task"}
{"timestamp":"2025-05-23T01:08:15.250079Z","level":"error","event":"    return self.extract_info(","chan":"stderr","logger":"task"}
{"timestamp":"2025-05-23T01:08:15.250168Z","level":"error","event":"           ^^^^^^^^^^^^^^^^^^","chan":"stderr","logger":"task"}
{"timestamp":"2025-05-23T01:08:15.250215Z","level":"error","event":"  File \"/home/duc/.python_envs/global_env/lib/python3.12/site-packages/yt_dlp/YoutubeDL.py\", line 1626, in extract_info","chan":"stderr","logger":"task"}
{"timestamp":"2025-05-23T01:08:15.250551Z","level":"error","event":"    return self.__extract_info(url, self.get_info_extractor(key), download, extra_info, process)","chan":"stderr","logger":"task"}
{"timestamp":"2025-05-23T01:08:15.250675Z","level":"error","event":"           ^^^^^^^^^^^^^^^^^^^^^^^^^^^^^^^^^^^^^^^^^^^^^^^^^^^^^^^^^^^^^^^^^^^^^^^^^^^^^^^^^^^^^","chan":"stderr","logger":"task"}
{"timestamp":"2025-05-23T01:08:15.250750Z","level":"error","event":"  File \"/home/duc/.python_envs/global_env/lib/python3.12/site-packages/yt_dlp/YoutubeDL.py\", line 1637, in wrapper","chan":"stderr","logger":"task"}
{"timestamp":"2025-05-23T01:08:15.251062Z","level":"error","event":"    return func(self, *args, **kwargs)","chan":"stderr","logger":"task"}
{"timestamp":"2025-05-23T01:08:15.251173Z","level":"error","event":"           ^^^^^^^^^^^^^^^^^^^^^^^^^^^","chan":"stderr","logger":"task"}
{"timestamp":"2025-05-23T01:08:15.251262Z","level":"error","event":"  File \"/home/duc/.python_envs/global_env/lib/python3.12/site-packages/yt_dlp/YoutubeDL.py\", line 1793, in __extract_info","chan":"stderr","logger":"task"}
{"timestamp":"2025-05-23T01:08:15.251526Z","level":"error","event":"    return self.process_ie_result(ie_result, download, extra_info)","chan":"stderr","logger":"task"}
{"timestamp":"2025-05-23T01:08:15.251644Z","level":"error","event":"           ^^^^^^^^^^^^^^^^^^^^^^^^^^^^^^^^^^^^^^^^^^^^^^^^^^^^^^^","chan":"stderr","logger":"task"}
{"timestamp":"2025-05-23T01:08:15.251719Z","level":"error","event":"  File \"/home/duc/.python_envs/global_env/lib/python3.12/site-packages/yt_dlp/YoutubeDL.py\", line 1852, in process_ie_result","chan":"stderr","logger":"task"}
{"timestamp":"2025-05-23T01:08:15.252034Z","level":"error","event":"    ie_result = self.process_video_result(ie_result, download=download)","chan":"stderr","logger":"task"}
{"timestamp":"2025-05-23T01:08:15.252149Z","level":"error","event":"                ^^^^^^^^^^^^^^^^^^^^^^^^^^^^^^^^^^^^^^^^^^^^^^^^^^^^^^^","chan":"stderr","logger":"task"}
{"timestamp":"2025-05-23T01:08:15.252224Z","level":"error","event":"  File \"/home/duc/.python_envs/global_env/lib/python3.12/site-packages/yt_dlp/YoutubeDL.py\", line 3024, in process_video_result","chan":"stderr","logger":"task"}
{"timestamp":"2025-05-23T01:08:15.252905Z","level":"error","event":"    self.process_info(new_info)","chan":"stderr","logger":"task"}
{"timestamp":"2025-05-23T01:08:15.253046Z","level":"error","event":"  File \"/home/duc/.python_envs/global_env/lib/python3.12/site-packages/yt_dlp/YoutubeDL.py\", line 177, in wrapper","chan":"stderr","logger":"task"}
{"timestamp":"2025-05-23T01:08:15.253129Z","level":"error","event":"    return func(self, *args, **kwargs)","chan":"stderr","logger":"task"}
{"timestamp":"2025-05-23T01:08:15.253237Z","level":"error","event":"           ^^^^^^^^^^^^^^^^^^^^^^^^^^^","chan":"stderr","logger":"task"}
{"timestamp":"2025-05-23T01:08:15.253328Z","level":"error","event":"  File \"/home/duc/.python_envs/global_env/lib/python3.12/site-packages/yt_dlp/YoutubeDL.py\", line 3492, in process_info","chan":"stderr","logger":"task"}
{"timestamp":"2025-05-23T01:08:15.253936Z","level":"error","event":"    success, real_download = self.dl(temp_filename, info_dict)","chan":"stderr","logger":"task"}
{"timestamp":"2025-05-23T01:08:15.254066Z","level":"error","event":"                             ^^^^^^^^^^^^^^^^^^^^^^^^^^^^^^^^^","chan":"stderr","logger":"task"}
{"timestamp":"2025-05-23T01:08:15.254148Z","level":"error","event":"  File \"/home/duc/.python_envs/global_env/lib/python3.12/site-packages/yt_dlp/YoutubeDL.py\", line 3212, in dl","chan":"stderr","logger":"task"}
{"timestamp":"2025-05-23T01:08:15.254837Z","level":"error","event":"    return fd.download(name, new_info, subtitle)","chan":"stderr","logger":"task"}
{"timestamp":"2025-05-23T01:08:15.254970Z","level":"error","event":"           ^^^^^^^^^^^^^^^^^^^^^^^^^^^^^^^^^^^^^","chan":"stderr","logger":"task"}
{"timestamp":"2025-05-23T01:08:15.255049Z","level":"error","event":"  File \"/home/duc/.python_envs/global_env/lib/python3.12/site-packages/yt_dlp/downloader/common.py\", line 464, in download","chan":"stderr","logger":"task"}
{"timestamp":"2025-05-23T01:08:15.255620Z","level":"error","event":"    ret = self.real_download(filename, info_dict)","chan":"stderr","logger":"task"}
{"timestamp":"2025-05-23T01:08:15.255761Z","level":"error","event":"          ^^^^^^^^^^^^^^^^^^^^^^^^^^^^^^^^^^^^^^^","chan":"stderr","logger":"task"}
{"timestamp":"2025-05-23T01:08:15.255839Z","level":"error","event":"  File \"/home/duc/.python_envs/global_env/lib/python3.12/site-packages/yt_dlp/downloader/hls.py\", line 402, in real_download","chan":"stderr","logger":"task"}
{"timestamp":"2025-05-23T01:08:15.256014Z","level":"error","event":"    return self.download_and_append_fragments(ctx, fragments, info_dict)","chan":"stderr","logger":"task"}
{"timestamp":"2025-05-23T01:08:15.256128Z","level":"error","event":"           ^^^^^^^^^^^^^^^^^^^^^^^^^^^^^^^^^^^^^^^^^^^^^^^^^^^^^^^^^^^^^","chan":"stderr","logger":"task"}
{"timestamp":"2025-05-23T01:08:15.256209Z","level":"error","event":"  File \"/home/duc/.python_envs/global_env/lib/python3.12/site-packages/yt_dlp/downloader/fragment.py\", line 526, in download_and_append_fragments","chan":"stderr","logger":"task"}
{"timestamp":"2025-05-23T01:08:15.256488Z","level":"error","event":"    return self._finish_frag_download(ctx, info_dict)","chan":"stderr","logger":"task"}
{"timestamp":"2025-05-23T01:08:15.256603Z","level":"error","event":"           ^^^^^^^^^^^^^^^^^^^^^^^^^^^^^^^^^^^^^^^^^^","chan":"stderr","logger":"task"}
{"timestamp":"2025-05-23T01:08:15.256680Z","level":"error","event":"  File \"/home/duc/.python_envs/global_env/lib/python3.12/site-packages/yt_dlp/downloader/fragment.py\", line 300, in _finish_frag_download","chan":"stderr","logger":"task"}
{"timestamp":"2025-05-23T01:08:15.256787Z","level":"error","event":"    self.report_error('The downloaded file is empty')","chan":"stderr","logger":"task"}
{"timestamp":"2025-05-23T01:08:15.256861Z","level":"error","event":"  File \"/home/duc/.python_envs/global_env/lib/python3.12/site-packages/yt_dlp/YoutubeDL.py\", line 1095, in report_error","chan":"stderr","logger":"task"}
{"timestamp":"2025-05-23T01:08:15.256979Z","level":"error","event":"    self.trouble(f'{self._format_err(\"ERROR:\", self.Styles.ERROR)} {message}', *args, **kwargs)","chan":"stderr","logger":"task"}
{"timestamp":"2025-05-23T01:08:15.257079Z","level":"error","event":"  File \"/home/duc/.python_envs/global_env/lib/python3.12/site-packages/yt_dlp/YoutubeDL.py\", line 1034, in trouble","chan":"stderr","logger":"task"}
{"timestamp":"2025-05-23T01:08:15.257359Z","level":"error","event":"    raise DownloadError(message, exc_info)","chan":"stderr","logger":"task"}
{"timestamp":"2025-05-23T01:08:15.257477Z","level":"error","event":"yt_dlp.utils.DownloadError: ERROR: The downloaded file is empty","chan":"stderr","logger":"task"}
{"timestamp":"2025-05-23T01:08:15.257740Z","level":"error","event":"2025-05-23 08:08:15,257 - src.crawlers.multi_thread_crawler - INFO - Total frames collected from ['youtube']: 0","chan":"stderr","logger":"task"}
{"timestamp":"2025-05-23T01:08:15.257810","level":"info","event":"Total frames collected from ['youtube']: 0","logger":"src.crawlers.multi_thread_crawler"}
{"timestamp":"2025-05-23T01:08:15.257997","level":"info","event":"Done. Returned value was: []","logger":"airflow.task.operators.airflow.providers.standard.operators.python.PythonOperator"}
{"timestamp":"2025-05-23T01:08:15.258222","level":"info","event":"Pushing xcom","ti":"RuntimeTaskInstance(id=UUID('0196faae-de78-7f9d-b5d6-d54d322bbb94'), task_id='crawl_youtube', dag_id='youtube_pipeline', run_id='scheduled__2025-05-21T00:00:00+00:00', try_number=1, map_index=-1, hostname='Oreo', context_carrier=None, task=<Task(PythonOperator): crawl_youtube>, bundle_instance=LocalDagBundle(name=dags-folder), max_tries=0, start_date=datetime.datetime(2025, 5, 23, 1, 8, 6, 711924, tzinfo=TzInfo(UTC)), end_date=None, is_mapped=False)","logger":"task"}
{"timestamp":"2025-05-23T01:08:15.295500Z","level":"info","event":"\r[download] 100.0% of ~   712.00B at    3.62KiB/s ETA Unknown (frag 0/3)\r[download]  16.7% of ~   4.17KiB at    3.62KiB/s ETA Unknown (frag 1/3)\r[download] 100.0% of ~   1.70KiB at    3.62KiB/s ETA Unknown (frag 1/3)\r[download] 100.0% of ~   3.70KiB at    3.62KiB/s ETA Unknown (frag 1/3)\r[download] 100.0% of ~   7.70KiB at    3.62KiB/s ETA Unknown (frag 1/3)\r[download] 100.0% of ~  15.70KiB at    3.62KiB/s ETA Unknown (frag 1/3)\r[download] 100.0% of ~  31.70KiB at    3.62KiB/s ETA Unknown (frag 1/3)\r[download] 100.0% of ~  63.70KiB at    3.62KiB/s ETA Unknown (frag 1/3)\r[download] 100.0% of ~ 127.70KiB at    3.62KiB/s ETA Unknown (frag 1/3)\r[download] 100.0% of ~ 255.70KiB at  583.15KiB/s ETA Unknown (frag 1/3)\r[download] 100.0% of ~ 511.70KiB at    1.09MiB/s ETA Unknown (frag 1/3)\r[download]  87.1% of ~ 767.54KiB at    1.09MiB/s ETA Unknown (frag 1/3)\r[download]   0.2% of ~1002.45KiB at  786.00KiB/s ETA Unknown (frag 1/3)\r[download] 100.0% of ~   3.70KiB at  786.00KiB/s ETA Unknown (frag 1/3)\r[download] 100.0% of ~   7.70KiB at  786.00KiB/s ETA Unknown (frag 1/3)\r[download] 100.0% of ~  15.70KiB at  786.00KiB/s ETA Unknown (frag 1/3)\r[download] 100.0% of ~  31.70KiB at  786.00KiB/s ETA Unknown (frag 1/3)\r[download] 100.0% of ~  63.70KiB at  786.00KiB/s ETA Unknown (frag 1/3)\r[download] 100.0% of ~ 127.70KiB at  786.00KiB/s ETA Unknown (frag 1/3)\r[download] 100.0% of ~ 255.70KiB at  776.75KiB/s ETA Unknown (frag 1/3)\r[download] 100.0% of ~ 511.70KiB at  776.75KiB/s ETA Unknown (frag 1/3)\r[download] 100.0% of ~1023.70KiB at    1.14MiB/s ETA Unknown (frag 1/3)\r[download]  75.1% of ~   1.50MiB at    1.14MiB/s ETA Unknown (frag 1/3)\r[download]   0.1% of ~   1.69MiB at  820.14KiB/s ETA Unknown (frag 1/3)\r[download] 100.0% of ~   3.70KiB at  820.14KiB/s ETA Unknown (frag 1/3)\r[download] 100.0% of ~   7.70KiB at  820.14KiB/s ETA Unknown (frag 1/3)\r[download] 100.0% of ~  15.70KiB at  820.14KiB/s ETA Unknown (frag 1/3)\r[download] 100.0% of ~  31.70KiB at  820.14KiB/s ETA Unknown (frag 1/3)\r[download] 100.0% of ~  63.70KiB at  820.14KiB/s ETA Unknown (frag 1/3)\r[download] 100.0% of ~ 127.70KiB at  820.14KiB/s ETA Unknown (frag 1/3)\r[download] 100.0% of ~ 255.70KiB at  820.14KiB/s ETA Unknown (frag 1/3)\r[download] 100.0% of ~ 511.70KiB at  770.97KiB/s ETA Unknown (frag 1/3)\r[download] 100.0% of ~1023.70KiB at  883.55KiB/s ETA Unknown (frag 1/3)\r[download] 100.0% of ~   1.54MiB at    1.07MiB/s ETA Unknown (frag 1/3)Task instance in success state","chan":"stdout","logger":"task"}
{"timestamp":"2025-05-23T01:08:15.295652Z","level":"info","event":" Previous state of the Task instance: running","chan":"stdout","logger":"task"}
{"timestamp":"2025-05-23T01:08:15.295758Z","level":"info","event":"Task operator:<Task(PythonOperator): crawl_youtube>","chan":"stdout","logger":"task"}
