{"timestamp":"2025-05-23T01:20:22.543707","level":"info","event":"DAG bundles loaded: dags-folder, example_dags","logger":"airflow.dag_processing.bundles.manager.DagBundlesManager"}
{"timestamp":"2025-05-23T01:20:22.545014","level":"info","event":"Filling up the DagBag from /home/duc/data-pipeplipe-test/dags/youtube_pipepline_dag.py","logger":"airflow.models.dagbag.DagBag"}
{"timestamp":"2025-05-23T01:20:25.012657Z","level":"info","event":"Task instance is in running state","chan":"stdout","logger":"task"}
{"timestamp":"2025-05-23T01:20:25.012783Z","level":"info","event":" Previous state of the Task instance: queued","chan":"stdout","logger":"task"}
{"timestamp":"2025-05-23T01:20:25.012855Z","level":"info","event":"Current task name:crawl_youtube","chan":"stdout","logger":"task"}
{"timestamp":"2025-05-23T01:20:25.012920Z","level":"info","event":"Dag name:youtube_pipeline","chan":"stdout","logger":"task"}
{"timestamp":"2025-05-23T01:20:25.012989Z","level":"error","event":"2025-05-23 08:20:24,982 - src.crawlers.keyword_generator - ERROR - Error generating keywords: [Errno 2] No such file or directory: '/home/duc/video_pipeline_project/config.yaml'","chan":"stderr","logger":"task"}
{"timestamp":"2025-05-23T01:20:24.982510","level":"error","event":"Error generating keywords: [Errno 2] No such file or directory: '/home/duc/video_pipeline_project/config.yaml'","logger":"src.crawlers.keyword_generator"}
{"timestamp":"2025-05-23T01:20:28.366590Z","level":"error","event":"WARNING: [youtube] Falling back to generic n function search","chan":"stderr","logger":"task"}
{"timestamp":"2025-05-23T01:20:28.366766Z","level":"error","event":"         player = https://www.youtube.com/s/player/59b252b9/player_ias.vflset/en_US/base.js","chan":"stderr","logger":"task"}
{"timestamp":"2025-05-23T01:20:28.390719Z","level":"error","event":"WARNING: [youtube] Noqaz0Ic6ps: nsig extraction failed: Some formats may be missing","chan":"stderr","logger":"task"}
{"timestamp":"2025-05-23T01:20:28.390847Z","level":"error","event":"         n = ZIN6CZ7SYxejLxy5jkZm ; player = https://www.youtube.com/s/player/59b252b9/player_ias.vflset/en_US/base.js","chan":"stderr","logger":"task"}
{"timestamp":"2025-05-23T01:20:28.683463Z","level":"error","event":"WARNING: [youtube] Falling back to generic n function search","chan":"stderr","logger":"task"}
{"timestamp":"2025-05-23T01:20:28.683701Z","level":"error","event":"         player = https://www.youtube.com/s/player/59b252b9/player_ias.vflset/en_US/base.js","chan":"stderr","logger":"task"}
{"timestamp":"2025-05-23T01:20:28.700500Z","level":"error","event":"WARNING: [youtube] Noqaz0Ic6ps: nsig extraction failed: Some formats may be missing","chan":"stderr","logger":"task"}
{"timestamp":"2025-05-23T01:20:28.700619Z","level":"error","event":"         n = ox6ZzznE_Q-Xmo6IZvic ; player = https://www.youtube.com/s/player/59b252b9/player_ias.vflset/en_US/base.js","chan":"stderr","logger":"task"}
{"timestamp":"2025-05-23T01:20:29.008545Z","level":"error","event":"WARNING: [youtube] Falling back to generic n function search","chan":"stderr","logger":"task"}
{"timestamp":"2025-05-23T01:20:29.008660Z","level":"error","event":"         player = https://www.youtube.com/s/player/59b252b9/player_ias.vflset/en_US/base.js","chan":"stderr","logger":"task"}
{"timestamp":"2025-05-23T01:20:29.027575Z","level":"error","event":"WARNING: [youtube] Noqaz0Ic6ps: nsig extraction failed: Some formats may be missing","chan":"stderr","logger":"task"}
{"timestamp":"2025-05-23T01:20:29.027742Z","level":"error","event":"         n = j-TwkkBkv0hwCGCZe0Xh ; player = https://www.youtube.com/s/player/59b252b9/player_ias.vflset/en_US/base.js","chan":"stderr","logger":"task"}
{"timestamp":"2025-05-23T01:20:32.027653Z","level":"error","event":"WARNING: [youtube] Falling back to generic n function search","chan":"stderr","logger":"task"}
{"timestamp":"2025-05-23T01:20:32.027819Z","level":"error","event":"         player = https://www.youtube.com/s/player/59b252b9/player_ias.vflset/en_US/base.js","chan":"stderr","logger":"task"}
{"timestamp":"2025-05-23T01:20:32.044249Z","level":"error","event":"WARNING: [youtube] KZq65gXcazA: nsig extraction failed: Some formats may be missing","chan":"stderr","logger":"task"}
{"timestamp":"2025-05-23T01:20:32.044576Z","level":"error","event":"         n = xwYLBtaRnovlQoWzffmS ; player = https://www.youtube.com/s/player/59b252b9/player_ias.vflset/en_US/base.js","chan":"stderr","logger":"task"}
{"timestamp":"2025-05-23T01:20:32.325476Z","level":"error","event":"WARNING: [youtube] Falling back to generic n function search","chan":"stderr","logger":"task"}
{"timestamp":"2025-05-23T01:20:32.325618Z","level":"error","event":"         player = https://www.youtube.com/s/player/59b252b9/player_ias.vflset/en_US/base.js","chan":"stderr","logger":"task"}
{"timestamp":"2025-05-23T01:20:32.341612Z","level":"error","event":"WARNING: [youtube] KZq65gXcazA: nsig extraction failed: Some formats may be missing","chan":"stderr","logger":"task"}
{"timestamp":"2025-05-23T01:20:32.341770Z","level":"error","event":"         n = hHpDm2m3KYziGIi36Oae ; player = https://www.youtube.com/s/player/59b252b9/player_ias.vflset/en_US/base.js","chan":"stderr","logger":"task"}
{"timestamp":"2025-05-23T01:20:32.627897Z","level":"error","event":"WARNING: [youtube] Falling back to generic n function search","chan":"stderr","logger":"task"}
{"timestamp":"2025-05-23T01:20:32.628056Z","level":"error","event":"         player = https://www.youtube.com/s/player/59b252b9/player_ias.vflset/en_US/base.js","chan":"stderr","logger":"task"}
{"timestamp":"2025-05-23T01:20:32.644040Z","level":"error","event":"WARNING: [youtube] KZq65gXcazA: nsig extraction failed: Some formats may be missing","chan":"stderr","logger":"task"}
{"timestamp":"2025-05-23T01:20:32.644162Z","level":"error","event":"         n = -83yVtqZZvFfUTlcp884 ; player = https://www.youtube.com/s/player/59b252b9/player_ias.vflset/en_US/base.js","chan":"stderr","logger":"task"}
{"timestamp":"2025-05-23T01:20:34.356633Z","level":"error","event":"WARNING: [youtube] Falling back to generic n function search","chan":"stderr","logger":"task"}
{"timestamp":"2025-05-23T01:20:34.356762Z","level":"error","event":"         player = https://www.youtube.com/s/player/59b252b9/player_ias.vflset/en_US/base.js","chan":"stderr","logger":"task"}
{"timestamp":"2025-05-23T01:20:34.376887Z","level":"error","event":"WARNING: [youtube] _zWQJ2KSn5Y: nsig extraction failed: Some formats may be missing","chan":"stderr","logger":"task"}
{"timestamp":"2025-05-23T01:20:34.376984Z","level":"error","event":"         n = YbxgiSuoHeGyEWmuqqxJ ; player = https://www.youtube.com/s/player/59b252b9/player_ias.vflset/en_US/base.js","chan":"stderr","logger":"task"}
{"timestamp":"2025-05-23T01:20:34.643239Z","level":"error","event":"WARNING: [youtube] Falling back to generic n function search","chan":"stderr","logger":"task"}
{"timestamp":"2025-05-23T01:20:34.643438Z","level":"error","event":"         player = https://www.youtube.com/s/player/59b252b9/player_ias.vflset/en_US/base.js","chan":"stderr","logger":"task"}
{"timestamp":"2025-05-23T01:20:34.659588Z","level":"error","event":"WARNING: [youtube] _zWQJ2KSn5Y: nsig extraction failed: Some formats may be missing","chan":"stderr","logger":"task"}
{"timestamp":"2025-05-23T01:20:34.659708Z","level":"error","event":"         n = jQ__Qh66xW5ncEQtTmBB ; player = https://www.youtube.com/s/player/59b252b9/player_ias.vflset/en_US/base.js","chan":"stderr","logger":"task"}
{"timestamp":"2025-05-23T01:20:34.943990Z","level":"error","event":"WARNING: [youtube] Falling back to generic n function search","chan":"stderr","logger":"task"}
{"timestamp":"2025-05-23T01:20:34.944160Z","level":"error","event":"         player = https://www.youtube.com/s/player/59b252b9/player_ias.vflset/en_US/base.js","chan":"stderr","logger":"task"}
{"timestamp":"2025-05-23T01:20:34.960040Z","level":"error","event":"WARNING: [youtube] _zWQJ2KSn5Y: nsig extraction failed: Some formats may be missing","chan":"stderr","logger":"task"}
{"timestamp":"2025-05-23T01:20:34.960143Z","level":"error","event":"         n = QgowfREd4geO8ib-Tqis ; player = https://www.youtube.com/s/player/59b252b9/player_ias.vflset/en_US/base.js","chan":"stderr","logger":"task"}
{"timestamp":"2025-05-23T01:20:36.500143Z","level":"error","event":"WARNING: [youtube] Falling back to generic n function search","chan":"stderr","logger":"task"}
{"timestamp":"2025-05-23T01:20:36.500291Z","level":"error","event":"         player = https://www.youtube.com/s/player/59b252b9/player_ias.vflset/en_US/base.js","chan":"stderr","logger":"task"}
{"timestamp":"2025-05-23T01:20:36.516668Z","level":"error","event":"WARNING: [youtube] 8wbtUTXfiSc: nsig extraction failed: Some formats may be missing","chan":"stderr","logger":"task"}
{"timestamp":"2025-05-23T01:20:36.516974Z","level":"error","event":"         n = P9l1EWRXNKkKRM2KFPNz ; player = https://www.youtube.com/s/player/59b252b9/player_ias.vflset/en_US/base.js","chan":"stderr","logger":"task"}
{"timestamp":"2025-05-23T01:20:36.781017Z","level":"error","event":"WARNING: [youtube] Falling back to generic n function search","chan":"stderr","logger":"task"}
{"timestamp":"2025-05-23T01:20:36.781308Z","level":"error","event":"         player = https://www.youtube.com/s/player/59b252b9/player_ias.vflset/en_US/base.js","chan":"stderr","logger":"task"}
{"timestamp":"2025-05-23T01:20:36.797031Z","level":"error","event":"WARNING: [youtube] 8wbtUTXfiSc: nsig extraction failed: Some formats may be missing","chan":"stderr","logger":"task"}
{"timestamp":"2025-05-23T01:20:36.797213Z","level":"error","event":"         n = -dVJINnrtW655vUm8I4I ; player = https://www.youtube.com/s/player/59b252b9/player_ias.vflset/en_US/base.js","chan":"stderr","logger":"task"}
{"timestamp":"2025-05-23T01:20:37.078155Z","level":"error","event":"WARNING: [youtube] Falling back to generic n function search","chan":"stderr","logger":"task"}
{"timestamp":"2025-05-23T01:20:37.078330Z","level":"error","event":"         player = https://www.youtube.com/s/player/59b252b9/player_ias.vflset/en_US/base.js","chan":"stderr","logger":"task"}
{"timestamp":"2025-05-23T01:20:37.094533Z","level":"error","event":"WARNING: [youtube] 8wbtUTXfiSc: nsig extraction failed: Some formats may be missing","chan":"stderr","logger":"task"}
{"timestamp":"2025-05-23T01:20:37.094801Z","level":"error","event":"         n = wUd4T328j3guGjBV6zFK ; player = https://www.youtube.com/s/player/59b252b9/player_ias.vflset/en_US/base.js","chan":"stderr","logger":"task"}
{"timestamp":"2025-05-23T01:20:38.645711Z","level":"error","event":"WARNING: [youtube] Falling back to generic n function search","chan":"stderr","logger":"task"}
{"timestamp":"2025-05-23T01:20:38.645846Z","level":"error","event":"         player = https://www.youtube.com/s/player/59b252b9/player_ias.vflset/en_US/base.js","chan":"stderr","logger":"task"}
{"timestamp":"2025-05-23T01:20:38.664517Z","level":"error","event":"WARNING: [youtube] HZNustXoRrk: nsig extraction failed: Some formats may be missing","chan":"stderr","logger":"task"}
{"timestamp":"2025-05-23T01:20:38.664691Z","level":"error","event":"         n = LKzUkmBoyGnMxmRzFz8w ; player = https://www.youtube.com/s/player/59b252b9/player_ias.vflset/en_US/base.js","chan":"stderr","logger":"task"}
{"timestamp":"2025-05-23T01:20:38.947709Z","level":"error","event":"WARNING: [youtube] Falling back to generic n function search","chan":"stderr","logger":"task"}
{"timestamp":"2025-05-23T01:20:38.947853Z","level":"error","event":"         player = https://www.youtube.com/s/player/59b252b9/player_ias.vflset/en_US/base.js","chan":"stderr","logger":"task"}
{"timestamp":"2025-05-23T01:20:38.964696Z","level":"error","event":"WARNING: [youtube] HZNustXoRrk: nsig extraction failed: Some formats may be missing","chan":"stderr","logger":"task"}
{"timestamp":"2025-05-23T01:20:38.964799Z","level":"error","event":"         n = UDniw1hlONaXv1LXEjuX ; player = https://www.youtube.com/s/player/59b252b9/player_ias.vflset/en_US/base.js","chan":"stderr","logger":"task"}
{"timestamp":"2025-05-23T01:20:39.247043Z","level":"error","event":"WARNING: [youtube] Falling back to generic n function search","chan":"stderr","logger":"task"}
{"timestamp":"2025-05-23T01:20:39.247179Z","level":"error","event":"         player = https://www.youtube.com/s/player/59b252b9/player_ias.vflset/en_US/base.js","chan":"stderr","logger":"task"}
{"timestamp":"2025-05-23T01:20:39.261963Z","level":"error","event":"WARNING: [youtube] HZNustXoRrk: nsig extraction failed: Some formats may be missing","chan":"stderr","logger":"task"}
{"timestamp":"2025-05-23T01:20:39.262188Z","level":"error","event":"         n = iA8Gczq3gla41MY1lX7U ; player = https://www.youtube.com/s/player/59b252b9/player_ias.vflset/en_US/base.js","chan":"stderr","logger":"task"}
{"timestamp":"2025-05-23T01:20:40.706408Z","level":"error","event":"WARNING: [youtube] w6NlbIM2tbM: Signature extraction failed: Some formats may be missing","chan":"stderr","logger":"task"}
{"timestamp":"2025-05-23T01:20:42.750530Z","level":"error","event":"WARNING: [youtube] fOJUh03ttqY: Signature extraction failed: Some formats may be missing","chan":"stderr","logger":"task"}
{"timestamp":"2025-05-23T01:20:44.528391Z","level":"error","event":"WARNING: [youtube] Falling back to generic n function search","chan":"stderr","logger":"task"}
{"timestamp":"2025-05-23T01:20:44.528544Z","level":"error","event":"         player = https://www.youtube.com/s/player/59b252b9/player_ias.vflset/en_US/base.js","chan":"stderr","logger":"task"}
{"timestamp":"2025-05-23T01:20:44.546366Z","level":"error","event":"WARNING: [youtube] pRwwgMLl6Xg: nsig extraction failed: Some formats may be missing","chan":"stderr","logger":"task"}
{"timestamp":"2025-05-23T01:20:44.546578Z","level":"error","event":"         n = HqpZoBdERuMFAThsZvlk ; player = https://www.youtube.com/s/player/59b252b9/player_ias.vflset/en_US/base.js","chan":"stderr","logger":"task"}
{"timestamp":"2025-05-23T01:20:44.858866Z","level":"error","event":"WARNING: [youtube] Falling back to generic n function search","chan":"stderr","logger":"task"}
{"timestamp":"2025-05-23T01:20:44.859122Z","level":"error","event":"         player = https://www.youtube.com/s/player/59b252b9/player_ias.vflset/en_US/base.js","chan":"stderr","logger":"task"}
{"timestamp":"2025-05-23T01:20:44.880119Z","level":"error","event":"WARNING: [youtube] pRwwgMLl6Xg: nsig extraction failed: Some formats may be missing","chan":"stderr","logger":"task"}
{"timestamp":"2025-05-23T01:20:44.880375Z","level":"error","event":"         n = haJ64sa4Fdsf7FupJFUR ; player = https://www.youtube.com/s/player/59b252b9/player_ias.vflset/en_US/base.js","chan":"stderr","logger":"task"}
{"timestamp":"2025-05-23T01:20:45.197838Z","level":"error","event":"WARNING: [youtube] Falling back to generic n function search","chan":"stderr","logger":"task"}
{"timestamp":"2025-05-23T01:20:45.198062Z","level":"error","event":"         player = https://www.youtube.com/s/player/59b252b9/player_ias.vflset/en_US/base.js","chan":"stderr","logger":"task"}
{"timestamp":"2025-05-23T01:20:45.217342Z","level":"error","event":"WARNING: [youtube] pRwwgMLl6Xg: nsig extraction failed: Some formats may be missing","chan":"stderr","logger":"task"}
{"timestamp":"2025-05-23T01:20:45.217478Z","level":"error","event":"         n = izqt-0nsTCGStMPMU6ER ; player = https://www.youtube.com/s/player/59b252b9/player_ias.vflset/en_US/base.js","chan":"stderr","logger":"task"}
{"timestamp":"2025-05-23T01:20:46.018851Z","level":"error","event":"WARNING: [youtube] y02mOQudT3E: Signature extraction failed: Some formats may be missing","chan":"stderr","logger":"task"}
{"timestamp":"2025-05-23T01:20:47.250957Z","level":"error","event":"WARNING: [youtube] tlZMBpCUVuA: Signature extraction failed: Some formats may be missing","chan":"stderr","logger":"task"}
{"timestamp":"2025-05-23T01:20:49.815071Z","level":"error","event":"2025-05-23 08:20:49,814 - src.crawlers.youtube_crawler - INFO - Extracted frames from YouTube video: https://www.youtube.com/watch?v=_zWQJ2KSn5Y","chan":"stderr","logger":"task"}
{"timestamp":"2025-05-23T01:20:49.815383","level":"info","event":"Extracted frames from YouTube video: https://www.youtube.com/watch?v=_zWQJ2KSn5Y","logger":"src.crawlers.youtube_crawler"}
{"timestamp":"2025-05-23T01:20:49.817736Z","level":"error","event":"2025-05-23 08:20:49,817 - src.utils.error_handler - ERROR - Exception occurred: [Errno 2] No such file or directory: '/tmp/youtube_video.mp4'","chan":"stderr","logger":"task"}
{"timestamp":"2025-05-23T01:20:49.818046","level":"error","event":"Exception occurred: [Errno 2] No such file or directory: '/tmp/youtube_video.mp4'","logger":"src.utils.error_handler"}
{"timestamp":"2025-05-23T01:20:49.819644","level":"info","event":"Total frames collected from ['youtube']: 0","logger":"src.crawlers.multi_thread_crawler"}
{"timestamp":"2025-05-23T01:20:49.819745","level":"info","event":"Done. Returned value was: []","logger":"airflow.task.operators.airflow.providers.standard.operators.python.PythonOperator"}
{"timestamp":"2025-05-23T01:20:49.819844","level":"info","event":"Pushing xcom","ti":"RuntimeTaskInstance(id=UUID('0196faba-16a7-79da-9921-00efadfdb805'), task_id='crawl_youtube', dag_id='youtube_pipeline', run_id='manual__2025-05-23T01:20:21.607020+00:00', try_number=1, map_index=-1, hostname='Oreo', context_carrier=None, task=<Task(PythonOperator): crawl_youtube>, bundle_instance=LocalDagBundle(name=dags-folder), max_tries=0, start_date=datetime.datetime(2025, 5, 23, 1, 20, 22, 177659, tzinfo=TzInfo(UTC)), end_date=None, is_mapped=False)","logger":"task"}
{"timestamp":"2025-05-23T01:20:49.821640Z","level":"error","event":"Exception in thread Thread-1 (worker):","chan":"stderr","logger":"task"}
{"timestamp":"2025-05-23T01:20:49.821693Z","level":"error","event":"Traceback (most recent call last):","chan":"stderr","logger":"task"}
{"timestamp":"2025-05-23T01:20:49.821730Z","level":"error","event":"  File \"/usr/lib/python3.12/threading.py\", line 1073, in _bootstrap_inner","chan":"stderr","logger":"task"}
{"timestamp":"2025-05-23T01:20:49.821765Z","level":"error","event":"    self.run()","chan":"stderr","logger":"task"}
{"timestamp":"2025-05-23T01:20:49.821799Z","level":"error","event":"  File \"/usr/lib/python3.12/threading.py\", line 1010, in run","chan":"stderr","logger":"task"}
{"timestamp":"2025-05-23T01:20:49.821833Z","level":"error","event":"    self._target(*self._args, **self._kwargs)","chan":"stderr","logger":"task"}
{"timestamp":"2025-05-23T01:20:49.821882Z","level":"error","event":"  File \"/home/duc/data-pipeplipe-test/src/crawlers/multi_thread_crawler.py\", line 19, in worker","chan":"stderr","logger":"task"}
{"timestamp":"2025-05-23T01:20:49.821923Z","level":"error","event":"    frames = crawl_youtube(keywords, max_frames)","chan":"stderr","logger":"task"}
{"timestamp":"2025-05-23T01:20:49.821959Z","level":"error","event":"             ^^^^^^^^^^^^^^^^^^^^^^^^^^^^^^^^^^^","chan":"stderr","logger":"task"}
{"timestamp":"2025-05-23T01:20:49.821993Z","level":"error","event":"  File \"/home/duc/data-pipeplipe-test/src/crawlers/youtube_crawler.py\", line 45, in crawl_youtube","chan":"stderr","logger":"task"}
{"timestamp":"2025-05-23T01:20:49.822030Z","level":"error","event":"    handle_error(e)","chan":"stderr","logger":"task"}
{"timestamp":"2025-05-23T01:20:49.822074Z","level":"error","event":"  File \"/home/duc/data-pipeplipe-test/src/utils/error_handler.py\", line 8, in handle_error","chan":"stderr","logger":"task"}
{"timestamp":"2025-05-23T01:20:49.822114Z","level":"error","event":"    raise exception","chan":"stderr","logger":"task"}
{"timestamp":"2025-05-23T01:20:49.822156Z","level":"error","event":"  File \"/home/duc/data-pipeplipe-test/src/crawlers/youtube_crawler.py\", line 38, in crawl_youtube","chan":"stderr","logger":"task"}
{"timestamp":"2025-05-23T01:20:49.822227Z","level":"error","event":"    os.remove(video_path)","chan":"stderr","logger":"task"}
{"timestamp":"2025-05-23T01:20:49.822342Z","level":"error","event":"FileNotFoundError: [Errno 2] No such file or directory: '/tmp/youtube_video.mp4'","chan":"stderr","logger":"task"}
{"timestamp":"2025-05-23T01:20:49.822409Z","level":"error","event":"2025-05-23 08:20:49,819 - src.crawlers.multi_thread_crawler - INFO - Total frames collected from ['youtube']: 0","chan":"stderr","logger":"task"}
{"timestamp":"2025-05-23T01:20:49.868959Z","level":"info","event":"\r[download] 100.0% of ~   712.00B at      0.00B/s ETA Unknown (frag 0/3)\r[download]  16.7% of ~   4.17KiB at    3.94KiB/s ETA Unknown (frag 1/3)\r[download] 100.0% of ~   1.70KiB at    3.94KiB/s ETA Unknown (frag 1/3)\r[download] 100.0% of ~   3.70KiB at    3.94KiB/s ETA Unknown (frag 1/3)\r[download] 100.0% of ~   7.70KiB at    3.94KiB/s ETA Unknown (frag 1/3)\r[download] 100.0% of ~  15.70KiB at    3.94KiB/s ETA Unknown (frag 1/3)\r[download] 100.0% of ~  31.70KiB at    3.94KiB/s ETA Unknown (frag 1/3)\r[download] 100.0% of ~  63.70KiB at    3.94KiB/s ETA Unknown (frag 1/3)\r[download] 100.0% of ~ 127.70KiB at  344.33KiB/s ETA Unknown (frag 1/3)\r[download] 100.0% of ~ 255.70KiB at  344.33KiB/s ETA Unknown (frag 1/3)\r[download] 100.0% of ~ 511.70KiB at  344.33KiB/s ETA Unknown (frag 1/3)\r[download]  87.1% of ~ 767.54KiB at    1.37MiB/s ETA Unknown (frag 1/3)\r[download]  33.4% of ~   1.96MiB at    1.37MiB/s ETA Unknown (frag 2/3)\r[download] 100.0% of ~ 669.30KiB at    1.75MiB/s ETA Unknown (frag 2/3)\r[download] 100.0% of ~ 671.30KiB at    1.75MiB/s ETA Unknown (frag 2/3)\r[download] 100.0% of ~ 675.30KiB at    1.75MiB/s ETA Unknown (frag 2/3)\r[download] 100.0% of ~ 683.30KiB at    1.75MiB/s ETA Unknown (frag 2/3)\r[download] 100.0% of ~ 699.30KiB at    1.75MiB/s ETA Unknown (frag 2/3)\r[download] 100.0% of ~ 731.30KiB at    1.75MiB/s ETA Unknown (frag 2/3)\r[download] 100.0% of ~ 795.30KiB at    1.75MiB/s ETA Unknown (frag 2/3)\r[download] 100.0% of ~ 923.30KiB at    1.75MiB/s ETA Unknown (frag 2/3)\r[download] 100.0% of ~   1.15MiB at    2.37MiB/s ETA Unknown (frag 2/3)\r[download] 100.0% of ~   1.65MiB at    3.06MiB/s ETA Unknown (frag 2/3)\r[download] 100.0% of ~   1.78MiB at    3.06MiB/s ETA Unknown (frag 2/3)\r[download]  61.2% of ~   2.90MiB at    3.06MiB/s ETA Unknown (frag 3/3)\r[download] 100.0% of ~   1.78MiB at    3.06MiB/s ETA Unknown (frag 3/3)\r[download] 100.0% of ~   1.78MiB at    3.06MiB/s ETA Unknown (frag 3/3)\r[download] 100.0% of ~   1.79MiB at    3.06MiB/s ETA Unknown (frag 3/3)\r[download] 100.0% of ~   1.79MiB at    3.47MiB/s ETA Unknown (frag 3/3)\r[download] 100.0% of ~   1.81MiB at    3.47MiB/s ETA Unknown (frag 3/3)\r[download] 100.0% of ~   1.84MiB at    3.47MiB/s ETA Unknown (frag 3/3)\r[download] 100.0% of ~   1.90MiB at    3.47MiB/s ETA Unknown (frag 3/3)\r[download] 100.0% of ~   2.03MiB at    3.47MiB/s ETA Unknown (frag 3/3)\r[download] 100.0% of ~   2.28MiB at    3.47MiB/s ETA Unknown (frag 3/3)\r[download] 100.0% of ~   2.78MiB at    4.12MiB/s ETA Unknown (frag 3/3)\r[download] 100.0% of ~   3.32MiB at    4.12MiB/s ETA Unknown (frag 3/3)\r[download]  91.1% of ~   3.64MiB at    4.12MiB/s ETA Unknown (frag 4/3)\r[download] 100% of    3.32MiB in 00:00:00 at 6.12MiB/s                 \r                                                      \r\r[download] 100% of    3.32MiB\r                             \r\r[download] 100% of    3.32MiB\r                             \r\r[download] 100% of    3.32MiB\r                             \r\r[download] 100% of    3.32MiB\r                             \r\r[download] 100% of    3.32MiB\r                             \r\r[download] 100% of    3.32MiB\r                             \r\r[download] 100% of    3.32MiB\r                             \r\r[download] 100% of    3.32MiB\r                             \r\r[download] 100% of    3.32MiB\r                             \rTask instance in success state","chan":"stdout","logger":"task"}
{"timestamp":"2025-05-23T01:20:49.869174Z","level":"info","event":" Previous state of the Task instance: running","chan":"stdout","logger":"task"}
{"timestamp":"2025-05-23T01:20:49.869323Z","level":"info","event":"Task operator:<Task(PythonOperator): crawl_youtube>","chan":"stdout","logger":"task"}
