{"timestamp":"2025-05-23T02:49:59.317869","level":"info","event":"DAG bundles loaded: dags-folder, example_dags","logger":"airflow.dag_processing.bundles.manager.DagBundlesManager"}
{"timestamp":"2025-05-23T02:49:59.322014","level":"info","event":"Filling up the DagBag from /home/duc/data-pipeplipe-test/dags/youtube_pipepline_dag.py","logger":"airflow.models.dagbag.DagBag"}
{"timestamp":"2025-05-23T02:50:02.354970Z","level":"info","event":"Task instance is in running state","chan":"stdout","logger":"task"}
{"timestamp":"2025-05-23T02:50:02.355092Z","level":"info","event":" Previous state of the Task instance: queued","chan":"stdout","logger":"task"}
{"timestamp":"2025-05-23T02:50:02.355157Z","level":"info","event":"Current task name:process_frames","chan":"stdout","logger":"task"}
{"timestamp":"2025-05-23T02:50:02.355213Z","level":"info","event":"Dag name:youtube_pipeline","chan":"stdout","logger":"task"}
{"timestamp":"2025-05-23T02:50:03.359995Z","level":"info","event":"","chan":"stdout","logger":"task"}
{"timestamp":"2025-05-23T02:50:05.905054Z","level":"info","event":"0: 640x512 3 persons, 573.3ms","chan":"stdout","logger":"task"}
{"timestamp":"2025-05-23T02:50:05.932281Z","level":"info","event":"Speed: 16.4ms preprocess, 573.3ms inference, 14.6ms postprocess per image at shape (1, 3, 640, 512)","chan":"stdout","logger":"task"}
{"timestamp":"2025-05-23T02:50:05.932452Z","level":"info","event":"","chan":"stdout","logger":"task"}
{"timestamp":"2025-05-23T02:50:06.229401Z","level":"info","event":"0: 640x512 6 persons, 285.1ms","chan":"stdout","logger":"task"}
{"timestamp":"2025-05-23T02:50:06.229565Z","level":"info","event":"Speed: 14.6ms preprocess, 285.1ms inference, 9.9ms postprocess per image at shape (1, 3, 640, 512)","chan":"stdout","logger":"task"}
{"timestamp":"2025-05-23T02:50:06.234182Z","level":"info","event":"","chan":"stdout","logger":"task"}
{"timestamp":"2025-05-23T02:50:06.759705Z","level":"info","event":"0: 640x512 2 persons, 1 motorcycle, 511.1ms","chan":"stdout","logger":"task"}
{"timestamp":"2025-05-23T02:50:06.760073Z","level":"info","event":"Speed: 12.6ms preprocess, 511.1ms inference, 1.3ms postprocess per image at shape (1, 3, 640, 512)","chan":"stdout","logger":"task"}
{"timestamp":"2025-05-23T02:50:06.767468Z","level":"info","event":"","chan":"stdout","logger":"task"}
{"timestamp":"2025-05-23T02:50:07.098059Z","level":"info","event":"0: 640x512 2 persons, 326.8ms","chan":"stdout","logger":"task"}
{"timestamp":"2025-05-23T02:50:07.099086Z","level":"info","event":"Speed: 3.4ms preprocess, 326.8ms inference, 1.2ms postprocess per image at shape (1, 3, 640, 512)","chan":"stdout","logger":"task"}
{"timestamp":"2025-05-23T02:50:07.109471Z","level":"info","event":"","chan":"stdout","logger":"task"}
{"timestamp":"2025-05-23T02:50:07.367709Z","level":"info","event":"0: 640x512 4 persons, 1 sports ball, 255.8ms","chan":"stdout","logger":"task"}
{"timestamp":"2025-05-23T02:50:07.368008Z","level":"info","event":"Speed: 3.9ms preprocess, 255.8ms inference, 1.2ms postprocess per image at shape (1, 3, 640, 512)","chan":"stdout","logger":"task"}
{"timestamp":"2025-05-23T02:50:07.374288Z","level":"info","event":"","chan":"stdout","logger":"task"}
{"timestamp":"2025-05-23T02:50:07.667651Z","level":"info","event":"0: 640x512 1 person, 1 frisbee, 288.4ms","chan":"stdout","logger":"task"}
{"timestamp":"2025-05-23T02:50:07.667964Z","level":"info","event":"Speed: 3.0ms preprocess, 288.4ms inference, 1.1ms postprocess per image at shape (1, 3, 640, 512)","chan":"stdout","logger":"task"}
{"timestamp":"2025-05-23T02:50:07.673785Z","level":"info","event":"","chan":"stdout","logger":"task"}
{"timestamp":"2025-05-23T02:50:07.928579Z","level":"info","event":"0: 640x512 2 persons, 1 sports ball, 249.8ms","chan":"stdout","logger":"task"}
{"timestamp":"2025-05-23T02:50:07.928964Z","level":"info","event":"Speed: 3.0ms preprocess, 249.8ms inference, 1.0ms postprocess per image at shape (1, 3, 640, 512)","chan":"stdout","logger":"task"}
{"timestamp":"2025-05-23T02:50:07.937921Z","level":"info","event":"","chan":"stdout","logger":"task"}
{"timestamp":"2025-05-23T02:50:08.123985Z","level":"info","event":"0: 640x512 2 persons, 1 sports ball, 180.9ms","chan":"stdout","logger":"task"}
{"timestamp":"2025-05-23T02:50:08.124314Z","level":"info","event":"Speed: 3.1ms preprocess, 180.9ms inference, 1.2ms postprocess per image at shape (1, 3, 640, 512)","chan":"stdout","logger":"task"}
{"timestamp":"2025-05-23T02:50:08.130037Z","level":"info","event":"","chan":"stdout","logger":"task"}
{"timestamp":"2025-05-23T02:50:08.315836Z","level":"info","event":"0: 640x512 5 persons, 181.2ms","chan":"stdout","logger":"task"}
{"timestamp":"2025-05-23T02:50:08.316594Z","level":"info","event":"Speed: 2.9ms preprocess, 181.2ms inference, 1.1ms postprocess per image at shape (1, 3, 640, 512)","chan":"stdout","logger":"task"}
{"timestamp":"2025-05-23T02:50:08.321563Z","level":"info","event":"","chan":"stdout","logger":"task"}
{"timestamp":"2025-05-23T02:50:08.519909Z","level":"info","event":"0: 640x512 3 persons, 193.1ms","chan":"stdout","logger":"task"}
{"timestamp":"2025-05-23T02:50:08.520042Z","level":"info","event":"Speed: 3.1ms preprocess, 193.1ms inference, 1.2ms postprocess per image at shape (1, 3, 640, 512)","chan":"stdout","logger":"task"}
{"timestamp":"2025-05-23T02:50:08.524648Z","level":"info","event":"","chan":"stdout","logger":"task"}
{"timestamp":"2025-05-23T02:50:08.721444Z","level":"info","event":"0: 640x512 1 person, 191.6ms","chan":"stdout","logger":"task"}
{"timestamp":"2025-05-23T02:50:08.721587Z","level":"info","event":"Speed: 2.6ms preprocess, 191.6ms inference, 1.8ms postprocess per image at shape (1, 3, 640, 512)","chan":"stdout","logger":"task"}
{"timestamp":"2025-05-23T02:50:08.726894Z","level":"info","event":"","chan":"stdout","logger":"task"}
{"timestamp":"2025-05-23T02:50:09.077952Z","level":"info","event":"0: 640x512 4 persons, 2 sports balls, 345.5ms","chan":"stdout","logger":"task"}
{"timestamp":"2025-05-23T02:50:09.078301Z","level":"info","event":"Speed: 3.3ms preprocess, 345.5ms inference, 1.1ms postprocess per image at shape (1, 3, 640, 512)","chan":"stdout","logger":"task"}
{"timestamp":"2025-05-23T02:50:09.083994Z","level":"info","event":"","chan":"stdout","logger":"task"}
{"timestamp":"2025-05-23T02:50:09.262779Z","level":"info","event":"0: 640x512 7 persons, 173.9ms","chan":"stdout","logger":"task"}
{"timestamp":"2025-05-23T02:50:09.263113Z","level":"info","event":"Speed: 3.1ms preprocess, 173.9ms inference, 1.2ms postprocess per image at shape (1, 3, 640, 512)","chan":"stdout","logger":"task"}
{"timestamp":"2025-05-23T02:50:09.269102Z","level":"info","event":"","chan":"stdout","logger":"task"}
{"timestamp":"2025-05-23T02:50:09.492027Z","level":"info","event":"0: 640x512 2 persons, 1 sports ball, 215.9ms","chan":"stdout","logger":"task"}
{"timestamp":"2025-05-23T02:50:09.492180Z","level":"info","event":"Speed: 4.0ms preprocess, 215.9ms inference, 1.5ms postprocess per image at shape (1, 3, 640, 512)","chan":"stdout","logger":"task"}
{"timestamp":"2025-05-23T02:50:09.789789Z","level":"error","event":"2025-05-23 09:50:09,789 - src.utils.error_handler - ERROR - Exception occurred: expected string or bytes-like object, got 'NoneType'","chan":"stderr","logger":"task"}
{"timestamp":"2025-05-23T02:50:09.789915","level":"error","event":"Exception occurred: expected string or bytes-like object, got 'NoneType'","logger":"src.utils.error_handler"}
{"timestamp":"2025-05-23T02:50:09.790224","level":"error","event":"Task failed with exception","logger":"task","error_detail":[{"exc_type":"TypeError","exc_value":"expected string or bytes-like object, got 'NoneType'","exc_notes":[],"syntax_error":null,"is_cause":false,"frames":[{"filename":"/home/duc/.python_envs/global_env/lib/python3.12/site-packages/airflow/sdk/execution_time/task_runner.py","lineno":825,"name":"run"},{"filename":"/home/duc/.python_envs/global_env/lib/python3.12/site-packages/airflow/sdk/execution_time/task_runner.py","lineno":1088,"name":"_execute_task"},{"filename":"/home/duc/.python_envs/global_env/lib/python3.12/site-packages/airflow/sdk/bases/operator.py","lineno":408,"name":"wrapper"},{"filename":"/home/duc/.python_envs/global_env/lib/python3.12/site-packages/airflow/providers/standard/operators/python.py","lineno":212,"name":"execute"},{"filename":"/home/duc/.python_envs/global_env/lib/python3.12/site-packages/airflow/providers/standard/operators/python.py","lineno":235,"name":"execute_callable"},{"filename":"/home/duc/.python_envs/global_env/lib/python3.12/site-packages/airflow/sdk/execution_time/callback_runner.py","lineno":81,"name":"run"},{"filename":"/home/duc/data-pipeplipe-test/src/processors/frame_processor.py","lineno":65,"name":"process_frames"},{"filename":"/home/duc/data-pipeplipe-test/src/utils/error_handler.py","lineno":8,"name":"handle_error"},{"filename":"/home/duc/data-pipeplipe-test/src/processors/frame_processor.py","lineno":53,"name":"process_frames"},{"filename":"/home/duc/data-pipeplipe-test/src/storage/s3_storage.py","lineno":12,"name":"upload_to_s3"},{"filename":"/home/duc/.python_envs/global_env/lib/python3.12/site-packages/boto3/s3/inject.py","lineno":145,"name":"upload_file"},{"filename":"/home/duc/.python_envs/global_env/lib/python3.12/site-packages/boto3/s3/transfer.py","lineno":368,"name":"upload_file"},{"filename":"/home/duc/.python_envs/global_env/lib/python3.12/site-packages/s3transfer/manager.py","lineno":337,"name":"upload"},{"filename":"/home/duc/.python_envs/global_env/lib/python3.12/site-packages/s3transfer/manager.py","lineno":506,"name":"_validate_if_bucket_supported"}]}]}
{"timestamp":"2025-05-23T02:50:09.792610Z","level":"info","event":"Task instance in failure state","chan":"stdout","logger":"task"}
{"timestamp":"2025-05-23T02:50:09.792903Z","level":"info","event":"Task start","chan":"stdout","logger":"task"}
{"timestamp":"2025-05-23T02:50:09.793150Z","level":"info","event":"Task:<Task(PythonOperator): process_frames>","chan":"stdout","logger":"task"}
{"timestamp":"2025-05-23T02:50:09.793398Z","level":"info","event":"Failure caused by expected string or bytes-like object, got 'NoneType'","chan":"stdout","logger":"task"}
