{"timestamp":"2025-05-23T01:08:06.980867","level":"info","event":"DAG bundles loaded: dags-folder, example_dags","logger":"airflow.dag_processing.bundles.manager.DagBundlesManager"}
{"timestamp":"2025-05-23T01:08:06.981351","level":"info","event":"Filling up the DagBag from /home/duc/data-pipeplipe-test/dags/youtube_pipepline_dag.py","logger":"airflow.models.dagbag.DagBag"}
{"timestamp":"2025-05-23T01:08:09.223415Z","level":"info","event":"Task instance is in running state","chan":"stdout","logger":"task"}
{"timestamp":"2025-05-23T01:08:09.223500Z","level":"info","event":" Previous state of the Task instance: queued","chan":"stdout","logger":"task"}
{"timestamp":"2025-05-23T01:08:09.223544Z","level":"info","event":"Current task name:crawl_youtube","chan":"stdout","logger":"task"}
{"timestamp":"2025-05-23T01:08:09.223582Z","level":"info","event":"Dag name:youtube_pipeline","chan":"stdout","logger":"task"}
{"timestamp":"2025-05-23T01:08:09.223626Z","level":"error","event":"2025-05-23 08:08:09,190 - src.crawlers.keyword_generator - ERROR - Error generating keywords: [Errno 2] No such file or directory: '/home/duc/video_pipeline_project/config.yaml'","chan":"stderr","logger":"task"}
{"timestamp":"2025-05-23T01:08:09.190800","level":"error","event":"Error generating keywords: [Errno 2] No such file or directory: '/home/duc/video_pipeline_project/config.yaml'","logger":"src.crawlers.keyword_generator"}
{"timestamp":"2025-05-23T01:08:12.439559Z","level":"error","event":"WARNING: [youtube] Falling back to generic n function search","chan":"stderr","logger":"task"}
{"timestamp":"2025-05-23T01:08:12.439917Z","level":"error","event":"         player = https://www.youtube.com/s/player/f8651e27/player_ias.vflset/en_US/base.js","chan":"stderr","logger":"task"}
{"timestamp":"2025-05-23T01:08:12.468370Z","level":"error","event":"WARNING: [youtube] Noqaz0Ic6ps: nsig extraction failed: Some formats may be missing","chan":"stderr","logger":"task"}
{"timestamp":"2025-05-23T01:08:12.468483Z","level":"error","event":"         n = Z0P7gaCuPuLM5xLAAu ; player = https://www.youtube.com/s/player/f8651e27/player_ias.vflset/en_US/base.js","chan":"stderr","logger":"task"}
{"timestamp":"2025-05-23T01:08:12.935901Z","level":"error","event":"WARNING: [youtube] Falling back to generic n function search","chan":"stderr","logger":"task"}
{"timestamp":"2025-05-23T01:08:12.936115Z","level":"error","event":"         player = https://www.youtube.com/s/player/f8651e27/player_ias.vflset/en_US/base.js","chan":"stderr","logger":"task"}
{"timestamp":"2025-05-23T01:08:12.953149Z","level":"error","event":"WARNING: [youtube] Noqaz0Ic6ps: nsig extraction failed: Some formats may be missing","chan":"stderr","logger":"task"}
{"timestamp":"2025-05-23T01:08:12.953342Z","level":"error","event":"         n = aa90QEBOTNVxM-xsAE ; player = https://www.youtube.com/s/player/f8651e27/player_ias.vflset/en_US/base.js","chan":"stderr","logger":"task"}
{"timestamp":"2025-05-23T01:08:13.421674Z","level":"error","event":"WARNING: [youtube] Falling back to generic n function search","chan":"stderr","logger":"task"}
{"timestamp":"2025-05-23T01:08:13.422318Z","level":"error","event":"         player = https://www.youtube.com/s/player/f8651e27/player_ias.vflset/en_US/base.js","chan":"stderr","logger":"task"}
{"timestamp":"2025-05-23T01:08:13.454648Z","level":"error","event":"WARNING: [youtube] Noqaz0Ic6ps: nsig extraction failed: Some formats may be missing","chan":"stderr","logger":"task"}
{"timestamp":"2025-05-23T01:08:13.455037Z","level":"error","event":"         n = n9WOg6YV7JHl377TOn ; player = https://www.youtube.com/s/player/f8651e27/player_ias.vflset/en_US/base.js","chan":"stderr","logger":"task"}
{"timestamp":"2025-05-23T01:08:14.316164Z","level":"error","event":"ERROR: Unable to rename file: [Errno 2] No such file or directory: '/tmp/youtube_video.mp4.part-Frag1.part' -> '/tmp/youtube_video.mp4.part-Frag1'","chan":"stderr","logger":"task"}
{"timestamp":"2025-05-23T01:08:15.992995Z","level":"error","event":"WARNING: [youtube] fOJUh03ttqY: Signature extraction failed: Some formats may be missing","chan":"stderr","logger":"task"}
{"timestamp":"2025-05-23T01:08:17.435195Z","level":"error","event":"WARNING: [youtube] Falling back to generic n function search","chan":"stderr","logger":"task"}
{"timestamp":"2025-05-23T01:08:17.435391Z","level":"error","event":"         player = https://www.youtube.com/s/player/f8651e27/player_ias.vflset/en_US/base.js","chan":"stderr","logger":"task"}
{"timestamp":"2025-05-23T01:08:17.465321Z","level":"error","event":"WARNING: [youtube] _zWQJ2KSn5Y: nsig extraction failed: Some formats may be missing","chan":"stderr","logger":"task"}
{"timestamp":"2025-05-23T01:08:17.465520Z","level":"error","event":"         n = oi6HAIlQ2-0WHWS3Cd ; player = https://www.youtube.com/s/player/f8651e27/player_ias.vflset/en_US/base.js","chan":"stderr","logger":"task"}
{"timestamp":"2025-05-23T01:08:17.810465Z","level":"error","event":"WARNING: [youtube] Falling back to generic n function search","chan":"stderr","logger":"task"}
{"timestamp":"2025-05-23T01:08:17.810604Z","level":"error","event":"         player = https://www.youtube.com/s/player/f8651e27/player_ias.vflset/en_US/base.js","chan":"stderr","logger":"task"}
{"timestamp":"2025-05-23T01:08:17.826241Z","level":"error","event":"WARNING: [youtube] _zWQJ2KSn5Y: nsig extraction failed: Some formats may be missing","chan":"stderr","logger":"task"}
{"timestamp":"2025-05-23T01:08:17.826418Z","level":"error","event":"         n = XNwTAMMAGKfuJsiMb7 ; player = https://www.youtube.com/s/player/f8651e27/player_ias.vflset/en_US/base.js","chan":"stderr","logger":"task"}
{"timestamp":"2025-05-23T01:08:18.138443Z","level":"error","event":"WARNING: [youtube] Falling back to generic n function search","chan":"stderr","logger":"task"}
{"timestamp":"2025-05-23T01:08:18.138852Z","level":"error","event":"         player = https://www.youtube.com/s/player/f8651e27/player_ias.vflset/en_US/base.js","chan":"stderr","logger":"task"}
{"timestamp":"2025-05-23T01:08:18.169065Z","level":"error","event":"WARNING: [youtube] _zWQJ2KSn5Y: nsig extraction failed: Some formats may be missing","chan":"stderr","logger":"task"}
{"timestamp":"2025-05-23T01:08:18.169501Z","level":"error","event":"         n = nYEmAF7dEw2zh2mc8N ; player = https://www.youtube.com/s/player/f8651e27/player_ias.vflset/en_US/base.js","chan":"stderr","logger":"task"}
{"timestamp":"2025-05-23T01:08:19.979999Z","level":"error","event":"WARNING: [youtube] Falling back to generic n function search","chan":"stderr","logger":"task"}
{"timestamp":"2025-05-23T01:08:19.980108Z","level":"error","event":"         player = https://www.youtube.com/s/player/f8651e27/player_ias.vflset/en_US/base.js","chan":"stderr","logger":"task"}
{"timestamp":"2025-05-23T01:08:19.996613Z","level":"error","event":"WARNING: [youtube] 8wbtUTXfiSc: nsig extraction failed: Some formats may be missing","chan":"stderr","logger":"task"}
{"timestamp":"2025-05-23T01:08:19.996743Z","level":"error","event":"         n = sIJvgkzCyyJoOXK_u7 ; player = https://www.youtube.com/s/player/f8651e27/player_ias.vflset/en_US/base.js","chan":"stderr","logger":"task"}
{"timestamp":"2025-05-23T01:08:20.286459Z","level":"error","event":"WARNING: [youtube] Falling back to generic n function search","chan":"stderr","logger":"task"}
{"timestamp":"2025-05-23T01:08:20.286607Z","level":"error","event":"         player = https://www.youtube.com/s/player/f8651e27/player_ias.vflset/en_US/base.js","chan":"stderr","logger":"task"}
{"timestamp":"2025-05-23T01:08:20.303250Z","level":"error","event":"WARNING: [youtube] 8wbtUTXfiSc: nsig extraction failed: Some formats may be missing","chan":"stderr","logger":"task"}
{"timestamp":"2025-05-23T01:08:20.303403Z","level":"error","event":"         n = CgVSwOretbtFCHjmye ; player = https://www.youtube.com/s/player/f8651e27/player_ias.vflset/en_US/base.js","chan":"stderr","logger":"task"}
{"timestamp":"2025-05-23T01:08:20.598966Z","level":"error","event":"WARNING: [youtube] Falling back to generic n function search","chan":"stderr","logger":"task"}
{"timestamp":"2025-05-23T01:08:20.599130Z","level":"error","event":"         player = https://www.youtube.com/s/player/f8651e27/player_ias.vflset/en_US/base.js","chan":"stderr","logger":"task"}
{"timestamp":"2025-05-23T01:08:20.615083Z","level":"error","event":"WARNING: [youtube] 8wbtUTXfiSc: nsig extraction failed: Some formats may be missing","chan":"stderr","logger":"task"}
{"timestamp":"2025-05-23T01:08:20.615238Z","level":"error","event":"         n = W9RwgzkiQOGr_6-kSE ; player = https://www.youtube.com/s/player/f8651e27/player_ias.vflset/en_US/base.js","chan":"stderr","logger":"task"}
{"timestamp":"2025-05-23T01:08:22.227783Z","level":"error","event":"WARNING: [youtube] Falling back to generic n function search","chan":"stderr","logger":"task"}
{"timestamp":"2025-05-23T01:08:22.227885Z","level":"error","event":"         player = https://www.youtube.com/s/player/f8651e27/player_ias.vflset/en_US/base.js","chan":"stderr","logger":"task"}
{"timestamp":"2025-05-23T01:08:22.244392Z","level":"error","event":"WARNING: [youtube] HZNustXoRrk: nsig extraction failed: Some formats may be missing","chan":"stderr","logger":"task"}
{"timestamp":"2025-05-23T01:08:22.244509Z","level":"error","event":"         n = f1vfQJ1U_uB1XgvUlQ ; player = https://www.youtube.com/s/player/f8651e27/player_ias.vflset/en_US/base.js","chan":"stderr","logger":"task"}
{"timestamp":"2025-05-23T01:08:22.526516Z","level":"error","event":"WARNING: [youtube] Falling back to generic n function search","chan":"stderr","logger":"task"}
{"timestamp":"2025-05-23T01:08:22.526621Z","level":"error","event":"         player = https://www.youtube.com/s/player/f8651e27/player_ias.vflset/en_US/base.js","chan":"stderr","logger":"task"}
{"timestamp":"2025-05-23T01:08:22.542361Z","level":"error","event":"WARNING: [youtube] HZNustXoRrk: nsig extraction failed: Some formats may be missing","chan":"stderr","logger":"task"}
{"timestamp":"2025-05-23T01:08:22.542474Z","level":"error","event":"         n = PI6gwuOUDjKNDpE_6e ; player = https://www.youtube.com/s/player/f8651e27/player_ias.vflset/en_US/base.js","chan":"stderr","logger":"task"}
{"timestamp":"2025-05-23T01:08:22.827400Z","level":"error","event":"WARNING: [youtube] Falling back to generic n function search","chan":"stderr","logger":"task"}
{"timestamp":"2025-05-23T01:08:22.827720Z","level":"error","event":"         player = https://www.youtube.com/s/player/f8651e27/player_ias.vflset/en_US/base.js","chan":"stderr","logger":"task"}
{"timestamp":"2025-05-23T01:08:22.850253Z","level":"error","event":"WARNING: [youtube] HZNustXoRrk: nsig extraction failed: Some formats may be missing","chan":"stderr","logger":"task"}
{"timestamp":"2025-05-23T01:08:22.850428Z","level":"error","event":"         n = SKGwwB38FRkUkJM-AV ; player = https://www.youtube.com/s/player/f8651e27/player_ias.vflset/en_US/base.js","chan":"stderr","logger":"task"}
{"timestamp":"2025-05-23T01:08:23.927044Z","level":"error","event":"WARNING: [youtube] 5tFtp1ybAwY: Signature extraction failed: Some formats may be missing","chan":"stderr","logger":"task"}
{"timestamp":"2025-05-23T01:08:24.939550Z","level":"error","event":"WARNING: [youtube] y02mOQudT3E: Signature extraction failed: Some formats may be missing","chan":"stderr","logger":"task"}
{"timestamp":"2025-05-23T01:08:26.702908Z","level":"error","event":"WARNING: [youtube] Falling back to generic n function search","chan":"stderr","logger":"task"}
{"timestamp":"2025-05-23T01:08:26.703320Z","level":"error","event":"         player = https://www.youtube.com/s/player/f8651e27/player_ias.vflset/en_US/base.js","chan":"stderr","logger":"task"}
{"timestamp":"2025-05-23T01:08:26.725827Z","level":"error","event":"WARNING: [youtube] pRwwgMLl6Xg: nsig extraction failed: Some formats may be missing","chan":"stderr","logger":"task"}
{"timestamp":"2025-05-23T01:08:26.726257Z","level":"error","event":"         n = ZQKlAc0fYEtlei7YvN ; player = https://www.youtube.com/s/player/f8651e27/player_ias.vflset/en_US/base.js","chan":"stderr","logger":"task"}
{"timestamp":"2025-05-23T01:08:27.058479Z","level":"error","event":"WARNING: [youtube] Falling back to generic n function search","chan":"stderr","logger":"task"}
{"timestamp":"2025-05-23T01:08:27.059178Z","level":"error","event":"         player = https://www.youtube.com/s/player/f8651e27/player_ias.vflset/en_US/base.js","chan":"stderr","logger":"task"}
{"timestamp":"2025-05-23T01:08:27.081665Z","level":"error","event":"WARNING: [youtube] pRwwgMLl6Xg: nsig extraction failed: Some formats may be missing","chan":"stderr","logger":"task"}
{"timestamp":"2025-05-23T01:08:27.081965Z","level":"error","event":"         n = whregsAt5Ul8YveqZo ; player = https://www.youtube.com/s/player/f8651e27/player_ias.vflset/en_US/base.js","chan":"stderr","logger":"task"}
{"timestamp":"2025-05-23T01:08:27.474857Z","level":"error","event":"WARNING: [youtube] Falling back to generic n function search","chan":"stderr","logger":"task"}
{"timestamp":"2025-05-23T01:08:27.475410Z","level":"error","event":"         player = https://www.youtube.com/s/player/f8651e27/player_ias.vflset/en_US/base.js","chan":"stderr","logger":"task"}
{"timestamp":"2025-05-23T01:08:27.501666Z","level":"error","event":"WARNING: [youtube] pRwwgMLl6Xg: nsig extraction failed: Some formats may be missing","chan":"stderr","logger":"task"}
{"timestamp":"2025-05-23T01:08:27.502133Z","level":"error","event":"         n = v2caAZuhPB0J9kG3Kf ; player = https://www.youtube.com/s/player/f8651e27/player_ias.vflset/en_US/base.js","chan":"stderr","logger":"task"}
{"timestamp":"2025-05-23T01:08:28.892396Z","level":"error","event":"WARNING: [youtube] tlZMBpCUVuA: Signature extraction failed: Some formats may be missing","chan":"stderr","logger":"task"}
{"timestamp":"2025-05-23T01:08:30.837059Z","level":"error","event":"WARNING: [youtube] Falling back to generic n function search","chan":"stderr","logger":"task"}
{"timestamp":"2025-05-23T01:08:30.837182Z","level":"error","event":"         player = https://www.youtube.com/s/player/f8651e27/player_ias.vflset/en_US/base.js","chan":"stderr","logger":"task"}
{"timestamp":"2025-05-23T01:08:30.851663Z","level":"error","event":"WARNING: [youtube] z8GgKWbhvmA: nsig extraction failed: Some formats may be missing","chan":"stderr","logger":"task"}
{"timestamp":"2025-05-23T01:08:30.851788Z","level":"error","event":"         n = q6z5wpW1C2WBW1VlJ6 ; player = https://www.youtube.com/s/player/f8651e27/player_ias.vflset/en_US/base.js","chan":"stderr","logger":"task"}
{"timestamp":"2025-05-23T01:08:31.140135Z","level":"error","event":"WARNING: [youtube] Falling back to generic n function search","chan":"stderr","logger":"task"}
{"timestamp":"2025-05-23T01:08:31.140230Z","level":"error","event":"         player = https://www.youtube.com/s/player/f8651e27/player_ias.vflset/en_US/base.js","chan":"stderr","logger":"task"}
{"timestamp":"2025-05-23T01:08:31.155365Z","level":"error","event":"WARNING: [youtube] z8GgKWbhvmA: nsig extraction failed: Some formats may be missing","chan":"stderr","logger":"task"}
{"timestamp":"2025-05-23T01:08:31.155457Z","level":"error","event":"         n = b-KtAJGjFBXZ96p8kQ ; player = https://www.youtube.com/s/player/f8651e27/player_ias.vflset/en_US/base.js","chan":"stderr","logger":"task"}
{"timestamp":"2025-05-23T01:08:31.426908Z","level":"error","event":"WARNING: [youtube] Falling back to generic n function search","chan":"stderr","logger":"task"}
{"timestamp":"2025-05-23T01:08:31.427223Z","level":"error","event":"         player = https://www.youtube.com/s/player/f8651e27/player_ias.vflset/en_US/base.js","chan":"stderr","logger":"task"}
{"timestamp":"2025-05-23T01:08:31.445482Z","level":"error","event":"WARNING: [youtube] z8GgKWbhvmA: nsig extraction failed: Some formats may be missing","chan":"stderr","logger":"task"}
{"timestamp":"2025-05-23T01:08:31.445791Z","level":"error","event":"         n = zTpmQRnmvhdwh8iyrt ; player = https://www.youtube.com/s/player/f8651e27/player_ias.vflset/en_US/base.js","chan":"stderr","logger":"task"}
{"timestamp":"2025-05-23T01:08:32.132261Z","level":"error","event":"[mov,mp4,m4a,3gp,3g2,mj2 @ 0x726a9c796880] trun track id unknown, no tfhd was found","chan":"stderr","logger":"task"}
{"timestamp":"2025-05-23T01:08:32.132722Z","level":"error","event":"[mov,mp4,m4a,3gp,3g2,mj2 @ 0x726a9c796880] error reading header","chan":"stderr","logger":"task"}
{"timestamp":"2025-05-23T01:08:32.140186Z","level":"error","event":"2025-05-23 08:08:32,139 - src.crawlers.youtube_crawler - INFO - Extracted frames from YouTube video: https://www.youtube.com/watch?v=_zWQJ2KSn5Y","chan":"stderr","logger":"task"}
{"timestamp":"2025-05-23T01:08:32.140258","level":"info","event":"Extracted frames from YouTube video: https://www.youtube.com/watch?v=_zWQJ2KSn5Y","logger":"src.crawlers.youtube_crawler"}
{"timestamp":"2025-05-23T01:08:32.145119Z","level":"error","event":"2025-05-23 08:08:32,144 - src.utils.error_handler - ERROR - Exception occurred: [Errno 2] No such file or directory: '/tmp/youtube_video.mp4'","chan":"stderr","logger":"task"}
{"timestamp":"2025-05-23T01:08:32.145496Z","level":"error","event":"Exception in thread Thread-1 (worker):","chan":"stderr","logger":"task"}
{"timestamp":"2025-05-23T01:08:32.145681Z","level":"error","event":"Traceback (most recent call last):","chan":"stderr","logger":"task"}
{"timestamp":"2025-05-23T01:08:32.145900Z","level":"error","event":"  File \"/usr/lib/python3.12/threading.py\", line 1073, in _bootstrap_inner","chan":"stderr","logger":"task"}
{"timestamp":"2025-05-23T01:08:32.145151","level":"error","event":"Exception occurred: [Errno 2] No such file or directory: '/tmp/youtube_video.mp4'","logger":"src.utils.error_handler"}
{"timestamp":"2025-05-23T01:08:32.146327Z","level":"error","event":"    self.run()","chan":"stderr","logger":"task"}
{"timestamp":"2025-05-23T01:08:32.146503Z","level":"error","event":"  File \"/usr/lib/python3.12/threading.py\", line 1010, in run","chan":"stderr","logger":"task"}
{"timestamp":"2025-05-23T01:08:32.146996Z","level":"error","event":"    self._target(*self._args, **self._kwargs)","chan":"stderr","logger":"task"}
{"timestamp":"2025-05-23T01:08:32.147452Z","level":"error","event":"  File \"/home/duc/data-pipeplipe-test/src/crawlers/multi_thread_crawler.py\", line 19, in worker","chan":"stderr","logger":"task"}
{"timestamp":"2025-05-23T01:08:32.147669Z","level":"error","event":"    frames = crawl_youtube(keywords, max_frames)","chan":"stderr","logger":"task"}
{"timestamp":"2025-05-23T01:08:32.147910Z","level":"error","event":"             ^^^^^^^^^^^^^^^^^^^^^^^^^^^^^^^^^^^","chan":"stderr","logger":"task"}
{"timestamp":"2025-05-23T01:08:32.148172Z","level":"error","event":"  File \"/home/duc/data-pipeplipe-test/src/crawlers/youtube_crawler.py\", line 45, in crawl_youtube","chan":"stderr","logger":"task"}
{"timestamp":"2025-05-23T01:08:32.148573Z","level":"error","event":"    handle_error(e)","chan":"stderr","logger":"task"}
{"timestamp":"2025-05-23T01:08:32.148848Z","level":"error","event":"  File \"/home/duc/data-pipeplipe-test/src/utils/error_handler.py\", line 8, in handle_error","chan":"stderr","logger":"task"}
{"timestamp":"2025-05-23T01:08:32.149096Z","level":"error","event":"    raise exception","chan":"stderr","logger":"task"}
{"timestamp":"2025-05-23T01:08:32.149375Z","level":"error","event":"  File \"/home/duc/data-pipeplipe-test/src/crawlers/youtube_crawler.py\", line 38, in crawl_youtube","chan":"stderr","logger":"task"}
{"timestamp":"2025-05-23T01:08:32.149628Z","level":"error","event":"    os.remove(video_path)","chan":"stderr","logger":"task"}
{"timestamp":"2025-05-23T01:08:32.149802Z","level":"error","event":"FileNotFoundError: [Errno 2] No such file or directory: '/tmp/youtube_video.mp4'","chan":"stderr","logger":"task"}
{"timestamp":"2025-05-23T01:08:32.149949Z","level":"error","event":"2025-05-23 08:08:32,148 - src.crawlers.multi_thread_crawler - INFO - Total frames collected from ['youtube']: 0","chan":"stderr","logger":"task"}
{"timestamp":"2025-05-23T01:08:32.148562","level":"info","event":"Total frames collected from ['youtube']: 0","logger":"src.crawlers.multi_thread_crawler"}
{"timestamp":"2025-05-23T01:08:32.148937","level":"info","event":"Done. Returned value was: []","logger":"airflow.task.operators.airflow.providers.standard.operators.python.PythonOperator"}
{"timestamp":"2025-05-23T01:08:32.149275","level":"info","event":"Pushing xcom","ti":"RuntimeTaskInstance(id=UUID('0196faae-ddc9-7732-b012-fc109e693929'), task_id='crawl_youtube', dag_id='youtube_pipeline', run_id='manual__2025-05-23T01:08:06.108651+00:00', try_number=1, map_index=-1, hostname='Oreo', context_carrier=None, task=<Task(PythonOperator): crawl_youtube>, bundle_instance=LocalDagBundle(name=dags-folder), max_tries=0, start_date=datetime.datetime(2025, 5, 23, 1, 8, 6, 725997, tzinfo=TzInfo(UTC)), end_date=None, is_mapped=False)","logger":"task"}
{"timestamp":"2025-05-23T01:08:32.289810Z","level":"info","event":"\r[download] 100.0% of ~   712.00B at    3.57KiB/s ETA Unknown (frag 0/3)\r[download]  47.9% of ~   2.09KiB at    3.57KiB/s ETA Unknown (frag 0/3)\r[download] 100.0% of ~   3.00KiB at    3.57KiB/s ETA Unknown (frag 0/3)\r[download]  77.8% of ~   9.00KiB at    3.57KiB/s ETA Unknown (frag 0/3)\r[download]  71.4% of ~  21.00KiB at    3.57KiB/s ETA Unknown (frag 0/3)\r[download]  68.9% of ~  45.00KiB at    3.57KiB/s ETA Unknown (frag 0/3)\r[download]  67.7% of ~  93.00KiB at    3.57KiB/s ETA Unknown (frag 0/3)\r[download]  67.2% of ~ 189.00KiB at  343.76KiB/s ETA Unknown (frag 0/3)\r[download]  66.9% of ~ 381.00KiB at  343.76KiB/s ETA Unknown (frag 0/3)\r[download]  66.8% of ~ 765.00KiB at    1.00MiB/s ETA Unknown (frag 0/3)\r[download]  43.5% of ~   1.50MiB at    1.00MiB/s ETA Unknown (frag 0/3)\r[download]  16.7% of ~   3.91MiB at    1.00MiB/s ETA Unknown (frag 1/3)\r[download]  66.8% of ~1001.41KiB at    1.37MiB/s ETA Unknown (frag 1/3)\r[download]  66.9% of ~1002.91KiB at    1.37MiB/s ETA Unknown (frag 1/3)\r[download]  67.1% of ~1005.91KiB at    1.37MiB/s ETA Unknown (frag 1/3)\r[download]  67.5% of ~1011.91KiB at    1.37MiB/s ETA Unknown (frag 1/3)\r[download]  68.2% of ~1023.91KiB at    1.37MiB/s ETA Unknown (frag 1/3)\r[download]  69.7% of ~   1.02MiB at    1.37MiB/s ETA Unknown (frag 1/3)\r[download]  72.5% of ~   1.07MiB at    1.37MiB/s ETA Unknown (frag 1/3)\r[download]  77.4% of ~   1.16MiB at    1.74MiB/s ETA Unknown (frag 1/3)\r[download]  85.2% of ~   1.35MiB at    1.74MiB/s ETA Unknown (frag 1/3)\r[download]  95.6% of ~   1.73MiB at    2.24MiB/s ETA Unknown (frag 1/3)\r[download]  71.8% of ~   2.48MiB at    2.24MiB/s ETA Unknown (frag 1/3)\r[download]  40.8% of ~   4.36MiB at    2.24MiB/s ETA Unknown (frag 2/3)\r[download] 100.0% of ~   1.78MiB at    2.55MiB/s ETA Unknown (frag 2/3)\r[download] 100.0% of ~   1.78MiB at    2.55MiB/s ETA Unknown (frag 2/3)\r[download] 100.0% of ~   1.78MiB at    2.55MiB/s ETA Unknown (frag 2/3)\r[download] 100.0% of ~   1.79MiB at    2.55MiB/s ETA Unknown (frag 2/3)\r[download] 100.0% of ~   1.81MiB at    2.55MiB/s ETA Unknown (frag 2/3)\r[download] 100.0% of ~   1.84MiB at    2.55MiB/s ETA Unknown (frag 2/3)\r[download] 100.0% of ~   1.90MiB at    2.55MiB/s ETA Unknown (frag 2/3)\r[download] 100.0% of ~   2.03MiB at    2.81MiB/s ETA Unknown (frag 2/3)\r[download] 100.0% of ~   2.28MiB at    2.81MiB/s ETA Unknown (frag 2/3)\r[download] 100.0% of ~   2.78MiB at    3.10MiB/s ETA Unknown (frag 2/3)\r[download] 100.0% of ~   3.31MiB at    3.37MiB/s ETA Unknown (frag 2/3)\r[download]  68.3% of ~   4.85MiB at    3.37MiB/s ETA Unknown (frag 3/3)\r[download] 100% of    3.31MiB in 00:00:00 at 3.96MiB/s                 \r                                                      \r\r[download] 100% of    3.31MiB\r                             \r\r[download] 100% of    3.31MiB\r                             \r\r[download] 100% of    3.31MiB\r                             \r\r[download] 100% of    3.31MiB\r                             \r\r[download] 100% of    3.31MiB\r                             \r\r[download] 100% of    3.31MiB\r                             \r\r[download] 100% of    3.31MiB\r                             \r\r[download] 100% of    3.31MiB\r                             \r\r[download] 100% of    3.31MiB\r                             \rTask instance in success state","chan":"stdout","logger":"task"}
{"timestamp":"2025-05-23T01:08:32.290316Z","level":"info","event":" Previous state of the Task instance: running","chan":"stdout","logger":"task"}
{"timestamp":"2025-05-23T01:08:32.290586Z","level":"info","event":"Task operator:<Task(PythonOperator): crawl_youtube>","chan":"stdout","logger":"task"}
